ietf-yang-types
new obj
YangTAG--- module ietf-yang-types
Skipped children 2 in tag revision 2013-07-15
Skipped children 2 in tag revision 2010-09-24
colon seperator not in type
openconfig-extensions
new obj
YangTAG--- module openconfig-extensions
Skipped children 2 in tag revision 2017-04-11
Skipped children 2 in tag revision 2017-01-29
Skipped children 2 in tag revision 2015-10-09
Skipped children 2 in tag extension openconfig-version
Skipped children 1 in tag extension openconfig-hashed-value
ietf-interfaces
new obj
YangTAG--- module ietf-interfaces
Skipped children 2 in tag revision 2014-05-08
Skipped children 1 in tag identity interface-type
Skipped children 1 in tag feature arbitrary-names
Skipped children 1 in tag feature pre-provisioning
Skipped children 2 in tag feature if-mib
new obj
YangTAG--- container interfaces
new obj
YangTAG--- list interface
new obj
YangTAG--- container interfaces-state
new obj
YangTAG--- list interface
colon seperator not in type
colon seperator not in type
new obj
YangTAG--- container statistics
{} ietf_interfaces.interfaces.interface
{'ietf_yang_types': <rf.yangobj.YangCSDLConversionObj object at 0x04A06C50>} ietf_interfaces.interfaces_state.interface.statistics
{'ietf_yang_types': <rf.yangobj.YangCSDLConversionObj object at 0x04A06C50>} ietf_interfaces.interfaces_state.interface
{'ietf_yang_types': <rf.yangobj.YangCSDLConversionObj object at 0x04A06C50>} ietf_interfaces.interfaces
{'ietf_yang_types': <rf.yangobj.YangCSDLConversionObj object at 0x04A06C50>} ietf_interfaces.interfaces_state
openconfig-types
new obj
YangTAG--- module openconfig-types
We don't recognize keyword ('openconfig-extensions', 'openconfig-version'), create as statement
Skipped children 2 in tag revision 2018-05-05
Skipped children 2 in tag revision 2018-01-16
Skipped children 2 in tag revision 2017-08-16
Skipped children 2 in tag revision 2017-01-13
Skipped children 2 in tag revision 2016-11-14
Skipped children 2 in tag revision 2016-11-11
Skipped children 2 in tag revision 2016-05-31
new obj
YangTAG--- grouping stat-interval-state
new obj
YangTAG--- grouping min-max-time
new obj
YangTAG--- grouping avg-min-max-stats-precision1
new obj
YangTAG--- grouping avg-min-max-instant-stats-precision1
new obj
YangTAG--- grouping avg-min-max-instant-stats-precision2-dB
new obj
YangTAG--- grouping avg-min-max-instant-stats-precision2-dBm
new obj
YangTAG--- grouping avg-min-max-instant-stats-precision2-mA
new obj
YangTAG--- grouping avg-min-max-instant-stats-pct
Skipped children 1 in tag identity ADDRESS_FAMILY
Skipped children 2 in tag identity IPV4
Skipped children 2 in tag identity IPV6
Skipped children 2 in tag identity MPLS
Skipped children 2 in tag identity L2_ETHERNET
{'openconfig_types': <rf.yangobj.YangCSDLConversionObj object at 0x04A18390>} openconfig_types.stat_interval_state
{'openconfig_types': <rf.yangobj.YangCSDLConversionObj object at 0x04A18390>} openconfig_types.min_max_time
{'openconfig_types': <rf.yangobj.YangCSDLConversionObj object at 0x04A18390>} openconfig_types.avg_min_max_stats_precision1
{'openconfig_types': <rf.yangobj.YangCSDLConversionObj object at 0x04A18390>} openconfig_types.avg_min_max_instant_stats_precision1
{'openconfig_types': <rf.yangobj.YangCSDLConversionObj object at 0x04A18390>} openconfig_types.avg_min_max_instant_stats_precision2_dB
{'openconfig_types': <rf.yangobj.YangCSDLConversionObj object at 0x04A18390>} openconfig_types.avg_min_max_instant_stats_precision2_dBm
{'openconfig_types': <rf.yangobj.YangCSDLConversionObj object at 0x04A18390>} openconfig_types.avg_min_max_instant_stats_precision2_mA
{'openconfig_types': <rf.yangobj.YangCSDLConversionObj object at 0x04A18390>} openconfig_types.avg_min_max_instant_stats_pct
openconfig-inet-types
new obj
YangTAG--- module openconfig-inet-types
We don't recognize keyword ('openconfig-extensions', 'openconfig-version'), create as statement
Skipped children 2 in tag revision 2017-08-24
Skipped children 2 in tag revision 2017-07-06
Skipped children 2 in tag revision 2017-04-03
Skipped children 2 in tag revision 2017-04-03
Skipped children 2 in tag revision 2017-01-26
openconfig-yang-types
new obj
YangTAG--- module openconfig-yang-types
We don't recognize keyword ('openconfig-extensions', 'openconfig-version'), create as statement
Skipped children 2 in tag revision 2018-04-24
Skipped children 2 in tag revision 2017-07-30
Skipped children 2 in tag revision 2017-04-03
Skipped children 2 in tag revision 2017-01-26
openconfig-interfaces
new obj
YangTAG--- module openconfig-interfaces
We don't recognize keyword ('openconfig-extensions', 'openconfig-version'), create as statement
Skipped children 2 in tag revision 2018-04-24
Skipped children 2 in tag revision 2018-01-05
Skipped children 2 in tag revision 2017-12-22
Skipped children 2 in tag revision 2017-12-21
Skipped children 2 in tag revision 2017-07-14
Skipped children 2 in tag revision 2017-04-03
Skipped children 2 in tag revision 2016-12-22
new obj
YangTAG--- grouping interface-ref-common
new obj
YangTAG--- grouping interface-ref-state-container
new obj
YangTAG--- container state
new obj
YangTAG--- grouping interface-ref
new obj
YangTAG--- container interface-ref
new obj
YangTAG--- container config
new obj
YangTAG--- container state
new obj
YangTAG--- grouping interface-ref-state
new obj
YangTAG--- container interface-ref
new obj
YangTAG--- container state
new obj
YangTAG--- grouping base-interface-ref-state
new obj
YangTAG--- container state
colon seperator not in type
new obj
YangTAG--- grouping interface-common-config
new obj
YangTAG--- grouping interface-phys-config
new obj
YangTAG--- grouping interface-phys-holdtime-config
new obj
YangTAG--- grouping interface-phys-holdtime-state
new obj
YangTAG--- grouping interface-phys-holdtime-top
new obj
YangTAG--- container hold-time
new obj
YangTAG--- container config
new obj
YangTAG--- container state
new obj
YangTAG--- grouping interface-common-state
new obj
YangTAG--- grouping interface-counters-state
new obj
YangTAG--- container counters
new obj
YangTAG--- grouping sub-unnumbered-config
new obj
YangTAG--- grouping sub-unnumbered-state
new obj
YangTAG--- grouping sub-unnumbered-top
new obj
YangTAG--- container unnumbered
new obj
YangTAG--- container config
new obj
YangTAG--- container state
new obj
YangTAG--- container interface-ref
new obj
YangTAG--- container config
new obj
YangTAG--- container state
new obj
YangTAG--- grouping subinterfaces-config
new obj
YangTAG--- grouping subinterfaces-state
new obj
YangTAG--- container counters
new obj
YangTAG--- grouping subinterfaces-top
new obj
YangTAG--- container subinterfaces
new obj
YangTAG--- list subinterface
new obj
YangTAG--- container config
new obj
YangTAG--- container state
new obj
YangTAG--- container counters
new obj
YangTAG--- grouping interfaces-top
new obj
YangTAG--- container interfaces
new obj
YangTAG--- list interface
new obj
YangTAG--- container config
new obj
YangTAG--- container state
new obj
YangTAG--- container counters
new obj
YangTAG--- container hold-time
new obj
YangTAG--- container config
new obj
YangTAG--- container state
new obj
YangTAG--- container subinterfaces
new obj
YangTAG--- list subinterface
new obj
YangTAG--- container config
new obj
YangTAG--- container state
new obj
YangTAG--- container counters
new obj
YangTAG--- container interfaces
new obj
YangTAG--- list interface
new obj
YangTAG--- container config
new obj
YangTAG--- container state
new obj
YangTAG--- container counters
new obj
YangTAG--- container hold-time
new obj
YangTAG--- container config
new obj
YangTAG--- container state
new obj
YangTAG--- container subinterfaces
new obj
YangTAG--- list subinterface
new obj
YangTAG--- container config
new obj
YangTAG--- container state
new obj
YangTAG--- container counters
{} openconfig_interfaces.interface_ref_state_container.state
{} openconfig_interfaces.interface_ref.interface_ref.config
{} openconfig_interfaces.interface_ref.interface_ref.state
{} openconfig_interfaces.interface_ref.interface_ref
{} openconfig_interfaces.interface_ref_state.interface_ref.state
{} openconfig_interfaces.interface_ref_state.interface_ref
{} openconfig_interfaces.base_interface_ref_state.state
{} openconfig_interfaces.interface_phys_holdtime_top.hold_time.config
{} openconfig_interfaces.interface_phys_holdtime_top.hold_time.state
{} openconfig_interfaces.interface_phys_holdtime_top.hold_time
{'openconfig_yang_types': <rf.yangobj.YangCSDLConversionObj object at 0x04A4E6F0>, 'openconfig_types': <rf.yangobj.YangCSDLConversionObj object at 0x04A18390>} openconfig_interfaces.interface_counters_state.counters
{'openconfig_yang_types': <rf.yangobj.YangCSDLConversionObj object at 0x04A4E6F0>, 'openconfig_types': <rf.yangobj.YangCSDLConversionObj object at 0x04A18390>} openconfig_interfaces.sub_unnumbered_top.unnumbered.interface_ref.config
{'openconfig_yang_types': <rf.yangobj.YangCSDLConversionObj object at 0x04A4E6F0>, 'openconfig_types': <rf.yangobj.YangCSDLConversionObj object at 0x04A18390>} openconfig_interfaces.sub_unnumbered_top.unnumbered.interface_ref.state
{'openconfig_yang_types': <rf.yangobj.YangCSDLConversionObj object at 0x04A4E6F0>, 'openconfig_types': <rf.yangobj.YangCSDLConversionObj object at 0x04A18390>} openconfig_interfaces.sub_unnumbered_top.unnumbered.config
{'openconfig_yang_types': <rf.yangobj.YangCSDLConversionObj object at 0x04A4E6F0>, 'openconfig_types': <rf.yangobj.YangCSDLConversionObj object at 0x04A18390>} openconfig_interfaces.sub_unnumbered_top.unnumbered.state
{'openconfig_yang_types': <rf.yangobj.YangCSDLConversionObj object at 0x04A4E6F0>, 'openconfig_types': <rf.yangobj.YangCSDLConversionObj object at 0x04A18390>} openconfig_interfaces.sub_unnumbered_top.unnumbered.interface_ref
{'openconfig_yang_types': <rf.yangobj.YangCSDLConversionObj object at 0x04A4E6F0>, 'openconfig_types': <rf.yangobj.YangCSDLConversionObj object at 0x04A18390>} openconfig_interfaces.sub_unnumbered_top.unnumbered
{'openconfig_yang_types': <rf.yangobj.YangCSDLConversionObj object at 0x04A4E6F0>, 'openconfig_types': <rf.yangobj.YangCSDLConversionObj object at 0x04A18390>} openconfig_interfaces.subinterfaces_state.counters
{'openconfig_yang_types': <rf.yangobj.YangCSDLConversionObj object at 0x04A4E6F0>, 'openconfig_types': <rf.yangobj.YangCSDLConversionObj object at 0x04A18390>} openconfig_interfaces.subinterfaces_top.subinterfaces.subinterface.state.counters
{'openconfig_yang_types': <rf.yangobj.YangCSDLConversionObj object at 0x04A4E6F0>, 'openconfig_types': <rf.yangobj.YangCSDLConversionObj object at 0x04A18390>} openconfig_interfaces.subinterfaces_top.subinterfaces.subinterface.config
{'openconfig_yang_types': <rf.yangobj.YangCSDLConversionObj object at 0x04A4E6F0>, 'openconfig_types': <rf.yangobj.YangCSDLConversionObj object at 0x04A18390>} openconfig_interfaces.subinterfaces_top.subinterfaces.subinterface.state
{'openconfig_yang_types': <rf.yangobj.YangCSDLConversionObj object at 0x04A4E6F0>, 'openconfig_types': <rf.yangobj.YangCSDLConversionObj object at 0x04A18390>} openconfig_interfaces.subinterfaces_top.subinterfaces.subinterface
{'openconfig_yang_types': <rf.yangobj.YangCSDLConversionObj object at 0x04A4E6F0>, 'openconfig_types': <rf.yangobj.YangCSDLConversionObj object at 0x04A18390>} openconfig_interfaces.subinterfaces_top.subinterfaces
{'openconfig_yang_types': <rf.yangobj.YangCSDLConversionObj object at 0x04A4E6F0>, 'openconfig_types': <rf.yangobj.YangCSDLConversionObj object at 0x04A18390>} openconfig_interfaces.interfaces_top.interfaces.interface.state.counters
{'openconfig_yang_types': <rf.yangobj.YangCSDLConversionObj object at 0x04A4E6F0>, 'openconfig_types': <rf.yangobj.YangCSDLConversionObj object at 0x04A18390>} openconfig_interfaces.interfaces_top.interfaces.interface.hold_time.config
{'openconfig_yang_types': <rf.yangobj.YangCSDLConversionObj object at 0x04A4E6F0>, 'openconfig_types': <rf.yangobj.YangCSDLConversionObj object at 0x04A18390>} openconfig_interfaces.interfaces_top.interfaces.interface.hold_time.state
{'openconfig_yang_types': <rf.yangobj.YangCSDLConversionObj object at 0x04A4E6F0>, 'openconfig_types': <rf.yangobj.YangCSDLConversionObj object at 0x04A18390>} openconfig_interfaces.interfaces_top.interfaces.interface.subinterfaces.subinterface.state.counters
{'openconfig_yang_types': <rf.yangobj.YangCSDLConversionObj object at 0x04A4E6F0>, 'openconfig_types': <rf.yangobj.YangCSDLConversionObj object at 0x04A18390>} openconfig_interfaces.interfaces_top.interfaces.interface.subinterfaces.subinterface.config
{'openconfig_yang_types': <rf.yangobj.YangCSDLConversionObj object at 0x04A4E6F0>, 'openconfig_types': <rf.yangobj.YangCSDLConversionObj object at 0x04A18390>} openconfig_interfaces.interfaces_top.interfaces.interface.subinterfaces.subinterface.state
{'openconfig_yang_types': <rf.yangobj.YangCSDLConversionObj object at 0x04A4E6F0>, 'openconfig_types': <rf.yangobj.YangCSDLConversionObj object at 0x04A18390>} openconfig_interfaces.interfaces_top.interfaces.interface.subinterfaces.subinterface
{'openconfig_yang_types': <rf.yangobj.YangCSDLConversionObj object at 0x04A4E6F0>, 'openconfig_types': <rf.yangobj.YangCSDLConversionObj object at 0x04A18390>} openconfig_interfaces.interfaces_top.interfaces.interface.config
{'openconfig_yang_types': <rf.yangobj.YangCSDLConversionObj object at 0x04A4E6F0>, 'openconfig_types': <rf.yangobj.YangCSDLConversionObj object at 0x04A18390>} openconfig_interfaces.interfaces_top.interfaces.interface.state
{'openconfig_yang_types': <rf.yangobj.YangCSDLConversionObj object at 0x04A4E6F0>, 'openconfig_types': <rf.yangobj.YangCSDLConversionObj object at 0x04A18390>} openconfig_interfaces.interfaces_top.interfaces.interface.hold_time
{'openconfig_yang_types': <rf.yangobj.YangCSDLConversionObj object at 0x04A4E6F0>, 'openconfig_types': <rf.yangobj.YangCSDLConversionObj object at 0x04A18390>} openconfig_interfaces.interfaces_top.interfaces.interface.subinterfaces
{'openconfig_yang_types': <rf.yangobj.YangCSDLConversionObj object at 0x04A4E6F0>, 'openconfig_types': <rf.yangobj.YangCSDLConversionObj object at 0x04A18390>} openconfig_interfaces.interfaces_top.interfaces.interface
{'openconfig_yang_types': <rf.yangobj.YangCSDLConversionObj object at 0x04A4E6F0>, 'openconfig_types': <rf.yangobj.YangCSDLConversionObj object at 0x04A18390>} openconfig_interfaces.interfaces_top.interfaces
{'openconfig_yang_types': <rf.yangobj.YangCSDLConversionObj object at 0x04A4E6F0>, 'openconfig_types': <rf.yangobj.YangCSDLConversionObj object at 0x04A18390>} openconfig_interfaces.interfaces.interface.state.counters
{'openconfig_yang_types': <rf.yangobj.YangCSDLConversionObj object at 0x04A4E6F0>, 'openconfig_types': <rf.yangobj.YangCSDLConversionObj object at 0x04A18390>} openconfig_interfaces.interfaces.interface.hold_time.config
{'openconfig_yang_types': <rf.yangobj.YangCSDLConversionObj object at 0x04A4E6F0>, 'openconfig_types': <rf.yangobj.YangCSDLConversionObj object at 0x04A18390>} openconfig_interfaces.interfaces.interface.hold_time.state
{'openconfig_yang_types': <rf.yangobj.YangCSDLConversionObj object at 0x04A4E6F0>, 'openconfig_types': <rf.yangobj.YangCSDLConversionObj object at 0x04A18390>} openconfig_interfaces.interfaces.interface.subinterfaces.subinterface.state.counters
{'openconfig_yang_types': <rf.yangobj.YangCSDLConversionObj object at 0x04A4E6F0>, 'openconfig_types': <rf.yangobj.YangCSDLConversionObj object at 0x04A18390>} openconfig_interfaces.interfaces.interface.subinterfaces.subinterface.config
{'openconfig_yang_types': <rf.yangobj.YangCSDLConversionObj object at 0x04A4E6F0>, 'openconfig_types': <rf.yangobj.YangCSDLConversionObj object at 0x04A18390>} openconfig_interfaces.interfaces.interface.subinterfaces.subinterface.state
{'openconfig_yang_types': <rf.yangobj.YangCSDLConversionObj object at 0x04A4E6F0>, 'openconfig_types': <rf.yangobj.YangCSDLConversionObj object at 0x04A18390>} openconfig_interfaces.interfaces.interface.subinterfaces.subinterface
{'openconfig_yang_types': <rf.yangobj.YangCSDLConversionObj object at 0x04A4E6F0>, 'openconfig_types': <rf.yangobj.YangCSDLConversionObj object at 0x04A18390>} openconfig_interfaces.interfaces.interface.config
{'openconfig_yang_types': <rf.yangobj.YangCSDLConversionObj object at 0x04A4E6F0>, 'openconfig_types': <rf.yangobj.YangCSDLConversionObj object at 0x04A18390>} openconfig_interfaces.interfaces.interface.state
{'openconfig_yang_types': <rf.yangobj.YangCSDLConversionObj object at 0x04A4E6F0>, 'openconfig_types': <rf.yangobj.YangCSDLConversionObj object at 0x04A18390>} openconfig_interfaces.interfaces.interface.hold_time
{'openconfig_yang_types': <rf.yangobj.YangCSDLConversionObj object at 0x04A4E6F0>, 'openconfig_types': <rf.yangobj.YangCSDLConversionObj object at 0x04A18390>} openconfig_interfaces.interfaces.interface.subinterfaces
{'openconfig_yang_types': <rf.yangobj.YangCSDLConversionObj object at 0x04A4E6F0>, 'openconfig_types': <rf.yangobj.YangCSDLConversionObj object at 0x04A18390>} openconfig_interfaces.interfaces.interface
{'openconfig_yang_types': <rf.yangobj.YangCSDLConversionObj object at 0x04A4E6F0>, 'openconfig_types': <rf.yangobj.YangCSDLConversionObj object at 0x04A18390>} openconfig_interfaces.interface_ref_common
{'openconfig_yang_types': <rf.yangobj.YangCSDLConversionObj object at 0x04A4E6F0>, 'openconfig_types': <rf.yangobj.YangCSDLConversionObj object at 0x04A18390>} openconfig_interfaces.interface_ref_state_container
{'openconfig_yang_types': <rf.yangobj.YangCSDLConversionObj object at 0x04A4E6F0>, 'openconfig_types': <rf.yangobj.YangCSDLConversionObj object at 0x04A18390>} openconfig_interfaces.interface_ref
{'openconfig_yang_types': <rf.yangobj.YangCSDLConversionObj object at 0x04A4E6F0>, 'openconfig_types': <rf.yangobj.YangCSDLConversionObj object at 0x04A18390>} openconfig_interfaces.interface_ref_state
{'openconfig_yang_types': <rf.yangobj.YangCSDLConversionObj object at 0x04A4E6F0>, 'openconfig_types': <rf.yangobj.YangCSDLConversionObj object at 0x04A18390>} openconfig_interfaces.base_interface_ref_state
{'openconfig_yang_types': <rf.yangobj.YangCSDLConversionObj object at 0x04A4E6F0>, 'openconfig_types': <rf.yangobj.YangCSDLConversionObj object at 0x04A18390>} openconfig_interfaces.interface_common_config
{'openconfig_yang_types': <rf.yangobj.YangCSDLConversionObj object at 0x04A4E6F0>, 'openconfig_types': <rf.yangobj.YangCSDLConversionObj object at 0x04A18390>} openconfig_interfaces.interface_phys_config
{'openconfig_yang_types': <rf.yangobj.YangCSDLConversionObj object at 0x04A4E6F0>, 'openconfig_types': <rf.yangobj.YangCSDLConversionObj object at 0x04A18390>} openconfig_interfaces.interface_phys_holdtime_config
{'openconfig_yang_types': <rf.yangobj.YangCSDLConversionObj object at 0x04A4E6F0>, 'openconfig_types': <rf.yangobj.YangCSDLConversionObj object at 0x04A18390>} openconfig_interfaces.interface_phys_holdtime_state
{'openconfig_yang_types': <rf.yangobj.YangCSDLConversionObj object at 0x04A4E6F0>, 'openconfig_types': <rf.yangobj.YangCSDLConversionObj object at 0x04A18390>} openconfig_interfaces.interface_phys_holdtime_top
{'openconfig_yang_types': <rf.yangobj.YangCSDLConversionObj object at 0x04A4E6F0>, 'openconfig_types': <rf.yangobj.YangCSDLConversionObj object at 0x04A18390>} openconfig_interfaces.interface_common_state
{'openconfig_yang_types': <rf.yangobj.YangCSDLConversionObj object at 0x04A4E6F0>, 'openconfig_types': <rf.yangobj.YangCSDLConversionObj object at 0x04A18390>} openconfig_interfaces.interface_counters_state
{'openconfig_yang_types': <rf.yangobj.YangCSDLConversionObj object at 0x04A4E6F0>, 'openconfig_types': <rf.yangobj.YangCSDLConversionObj object at 0x04A18390>} openconfig_interfaces.sub_unnumbered_config
{'openconfig_yang_types': <rf.yangobj.YangCSDLConversionObj object at 0x04A4E6F0>, 'openconfig_types': <rf.yangobj.YangCSDLConversionObj object at 0x04A18390>} openconfig_interfaces.sub_unnumbered_state
{'openconfig_yang_types': <rf.yangobj.YangCSDLConversionObj object at 0x04A4E6F0>, 'openconfig_types': <rf.yangobj.YangCSDLConversionObj object at 0x04A18390>} openconfig_interfaces.sub_unnumbered_top
{'openconfig_yang_types': <rf.yangobj.YangCSDLConversionObj object at 0x04A4E6F0>, 'openconfig_types': <rf.yangobj.YangCSDLConversionObj object at 0x04A18390>} openconfig_interfaces.subinterfaces_config
{'openconfig_yang_types': <rf.yangobj.YangCSDLConversionObj object at 0x04A4E6F0>, 'openconfig_types': <rf.yangobj.YangCSDLConversionObj object at 0x04A18390>} openconfig_interfaces.subinterfaces_state
{'openconfig_yang_types': <rf.yangobj.YangCSDLConversionObj object at 0x04A4E6F0>, 'openconfig_types': <rf.yangobj.YangCSDLConversionObj object at 0x04A18390>} openconfig_interfaces.subinterfaces_top
{'openconfig_yang_types': <rf.yangobj.YangCSDLConversionObj object at 0x04A4E6F0>, 'openconfig_types': <rf.yangobj.YangCSDLConversionObj object at 0x04A18390>} openconfig_interfaces.interfaces_top
{'openconfig_yang_types': <rf.yangobj.YangCSDLConversionObj object at 0x04A4E6F0>, 'openconfig_types': <rf.yangobj.YangCSDLConversionObj object at 0x04A18390>} openconfig_interfaces.interfaces
openconfig-packet-match-types
new obj
YangTAG--- module openconfig-packet-match-types
We don't recognize keyword ('openconfig-extensions', 'openconfig-version'), create as statement
Skipped children 2 in tag revision 2018-04-15
Skipped children 2 in tag revision 2017-05-26
Skipped children 2 in tag revision 2016-08-08
Skipped children 2 in tag revision 2016-04-27
Skipped children 2 in tag identity ETHERTYPE
Skipped children 2 in tag identity ETHERTYPE_IPV4
Skipped children 2 in tag identity ETHERTYPE_ARP
Skipped children 2 in tag identity ETHERTYPE_VLAN
Skipped children 2 in tag identity ETHERTYPE_IPV6
Skipped children 2 in tag identity ETHERTYPE_MPLS
Skipped children 2 in tag identity ETHERTYPE_LLDP
Skipped children 2 in tag identity ETHERTYPE_ROCE
Skipped children 2 in tag identity IP_PROTOCOL
Skipped children 2 in tag identity IP_TCP
Skipped children 2 in tag identity IP_UDP
Skipped children 2 in tag identity IP_ICMP
Skipped children 2 in tag identity IP_IGMP
Skipped children 2 in tag identity IP_PIM
Skipped children 2 in tag identity IP_RSVP
Skipped children 2 in tag identity IP_GRE
Skipped children 2 in tag identity IP_AUTH
Skipped children 2 in tag identity IP_L2TP
Skipped children 2 in tag identity TCP_FLAGS
Skipped children 2 in tag identity TCP_SYN
Skipped children 2 in tag identity TCP_FIN
Skipped children 2 in tag identity TCP_RST
Skipped children 2 in tag identity TCP_PSH
Skipped children 2 in tag identity TCP_ACK
Skipped children 2 in tag identity TCP_URG
Skipped children 2 in tag identity TCP_ECE
Skipped children 2 in tag identity TCP_CWR
openconfig-packet-match
new obj
YangTAG--- module openconfig-packet-match
We don't recognize keyword ('openconfig-extensions', 'openconfig-version'), create as statement
Skipped children 2 in tag revision 2017-12-15
Skipped children 2 in tag revision 2017-05-26
Skipped children 2 in tag revision 2016-08-08
Skipped children 2 in tag revision 2016-04-27
new obj
YangTAG--- grouping ethernet-header-config
new obj
YangTAG--- grouping ethernet-header-state
new obj
YangTAG--- grouping ethernet-header-top
new obj
YangTAG--- container l2
new obj
YangTAG--- container config
new obj
YangTAG--- container state
new obj
YangTAG--- grouping mpls-header-top
new obj
YangTAG--- container mpls
new obj
YangTAG--- container config
new obj
YangTAG--- container state
new obj
YangTAG--- grouping mpls-header-config
new obj
YangTAG--- grouping ip-protocol-fields-common-config
new obj
YangTAG--- grouping ipv4-protocol-fields-config
new obj
YangTAG--- grouping ipv4-protocol-fields-state
new obj
YangTAG--- grouping ipv4-protocol-fields-top
new obj
YangTAG--- container ipv4
new obj
YangTAG--- container config
new obj
YangTAG--- container state
new obj
YangTAG--- grouping ipv6-protocol-fields-config
new obj
YangTAG--- grouping ipv6-protocol-fields-state
new obj
YangTAG--- grouping ipv6-protocol-fields-top
new obj
YangTAG--- container ipv6
new obj
YangTAG--- container config
new obj
YangTAG--- container state
new obj
YangTAG--- grouping transport-fields-config
new obj
YangTAG--- grouping transport-fields-state
new obj
YangTAG--- grouping transport-fields-top
new obj
YangTAG--- container transport
new obj
YangTAG--- container config
new obj
YangTAG--- container state
{'openconfig_yang_types': <rf.yangobj.YangCSDLConversionObj object at 0x04A4E6F0>, 'openconfig_packet_match_types': <rf.yangobj.YangCSDLConversionObj object at 0x04A59670>} openconfig_packet_match.ethernet_header_top.l2.config
{'openconfig_yang_types': <rf.yangobj.YangCSDLConversionObj object at 0x04A4E6F0>, 'openconfig_packet_match_types': <rf.yangobj.YangCSDLConversionObj object at 0x04A59670>} openconfig_packet_match.ethernet_header_top.l2.state
{'openconfig_yang_types': <rf.yangobj.YangCSDLConversionObj object at 0x04A4E6F0>, 'openconfig_packet_match_types': <rf.yangobj.YangCSDLConversionObj object at 0x04A59670>} openconfig_packet_match.ethernet_header_top.l2
{'openconfig_yang_types': <rf.yangobj.YangCSDLConversionObj object at 0x04A4E6F0>, 'openconfig_packet_match_types': <rf.yangobj.YangCSDLConversionObj object at 0x04A59670>} openconfig_packet_match.mpls_header_top.mpls.config
{'openconfig_yang_types': <rf.yangobj.YangCSDLConversionObj object at 0x04A4E6F0>, 'openconfig_packet_match_types': <rf.yangobj.YangCSDLConversionObj object at 0x04A59670>} openconfig_packet_match.mpls_header_top.mpls.state
{'openconfig_yang_types': <rf.yangobj.YangCSDLConversionObj object at 0x04A4E6F0>, 'openconfig_packet_match_types': <rf.yangobj.YangCSDLConversionObj object at 0x04A59670>} openconfig_packet_match.mpls_header_top.mpls
{'openconfig_inet_types': <rf.yangobj.YangCSDLConversionObj object at 0x04A47B10>, 'openconfig_yang_types': <rf.yangobj.YangCSDLConversionObj object at 0x04A4E6F0>, 'openconfig_packet_match_types': <rf.yangobj.YangCSDLConversionObj object at 0x04A59670>} openconfig_packet_match.ipv4_protocol_fields_top.ipv4.config
{'openconfig_inet_types': <rf.yangobj.YangCSDLConversionObj object at 0x04A47B10>, 'openconfig_yang_types': <rf.yangobj.YangCSDLConversionObj object at 0x04A4E6F0>, 'openconfig_packet_match_types': <rf.yangobj.YangCSDLConversionObj object at 0x04A59670>} openconfig_packet_match.ipv4_protocol_fields_top.ipv4.state
{'openconfig_inet_types': <rf.yangobj.YangCSDLConversionObj object at 0x04A47B10>, 'openconfig_yang_types': <rf.yangobj.YangCSDLConversionObj object at 0x04A4E6F0>, 'openconfig_packet_match_types': <rf.yangobj.YangCSDLConversionObj object at 0x04A59670>} openconfig_packet_match.ipv4_protocol_fields_top.ipv4
{'openconfig_inet_types': <rf.yangobj.YangCSDLConversionObj object at 0x04A47B10>, 'openconfig_yang_types': <rf.yangobj.YangCSDLConversionObj object at 0x04A4E6F0>, 'openconfig_packet_match_types': <rf.yangobj.YangCSDLConversionObj object at 0x04A59670>} openconfig_packet_match.ipv6_protocol_fields_top.ipv6.config
{'openconfig_inet_types': <rf.yangobj.YangCSDLConversionObj object at 0x04A47B10>, 'openconfig_yang_types': <rf.yangobj.YangCSDLConversionObj object at 0x04A4E6F0>, 'openconfig_packet_match_types': <rf.yangobj.YangCSDLConversionObj object at 0x04A59670>} openconfig_packet_match.ipv6_protocol_fields_top.ipv6.state
{'openconfig_inet_types': <rf.yangobj.YangCSDLConversionObj object at 0x04A47B10>, 'openconfig_yang_types': <rf.yangobj.YangCSDLConversionObj object at 0x04A4E6F0>, 'openconfig_packet_match_types': <rf.yangobj.YangCSDLConversionObj object at 0x04A59670>} openconfig_packet_match.ipv6_protocol_fields_top.ipv6
{'openconfig_inet_types': <rf.yangobj.YangCSDLConversionObj object at 0x04A47B10>, 'openconfig_yang_types': <rf.yangobj.YangCSDLConversionObj object at 0x04A4E6F0>, 'openconfig_packet_match_types': <rf.yangobj.YangCSDLConversionObj object at 0x04A59670>} openconfig_packet_match.transport_fields_top.transport.config
{'openconfig_inet_types': <rf.yangobj.YangCSDLConversionObj object at 0x04A47B10>, 'openconfig_yang_types': <rf.yangobj.YangCSDLConversionObj object at 0x04A4E6F0>, 'openconfig_packet_match_types': <rf.yangobj.YangCSDLConversionObj object at 0x04A59670>} openconfig_packet_match.transport_fields_top.transport.state
{'openconfig_inet_types': <rf.yangobj.YangCSDLConversionObj object at 0x04A47B10>, 'openconfig_yang_types': <rf.yangobj.YangCSDLConversionObj object at 0x04A4E6F0>, 'openconfig_packet_match_types': <rf.yangobj.YangCSDLConversionObj object at 0x04A59670>} openconfig_packet_match.transport_fields_top.transport
{'openconfig_inet_types': <rf.yangobj.YangCSDLConversionObj object at 0x04A47B10>, 'openconfig_yang_types': <rf.yangobj.YangCSDLConversionObj object at 0x04A4E6F0>, 'openconfig_packet_match_types': <rf.yangobj.YangCSDLConversionObj object at 0x04A59670>} openconfig_packet_match.ethernet_header_config
{'openconfig_inet_types': <rf.yangobj.YangCSDLConversionObj object at 0x04A47B10>, 'openconfig_yang_types': <rf.yangobj.YangCSDLConversionObj object at 0x04A4E6F0>, 'openconfig_packet_match_types': <rf.yangobj.YangCSDLConversionObj object at 0x04A59670>} openconfig_packet_match.ethernet_header_state
{'openconfig_inet_types': <rf.yangobj.YangCSDLConversionObj object at 0x04A47B10>, 'openconfig_yang_types': <rf.yangobj.YangCSDLConversionObj object at 0x04A4E6F0>, 'openconfig_packet_match_types': <rf.yangobj.YangCSDLConversionObj object at 0x04A59670>} openconfig_packet_match.ethernet_header_top
{'openconfig_inet_types': <rf.yangobj.YangCSDLConversionObj object at 0x04A47B10>, 'openconfig_yang_types': <rf.yangobj.YangCSDLConversionObj object at 0x04A4E6F0>, 'openconfig_packet_match_types': <rf.yangobj.YangCSDLConversionObj object at 0x04A59670>} openconfig_packet_match.mpls_header_top
{'openconfig_inet_types': <rf.yangobj.YangCSDLConversionObj object at 0x04A47B10>, 'openconfig_yang_types': <rf.yangobj.YangCSDLConversionObj object at 0x04A4E6F0>, 'openconfig_packet_match_types': <rf.yangobj.YangCSDLConversionObj object at 0x04A59670>} openconfig_packet_match.mpls_header_config
{'openconfig_inet_types': <rf.yangobj.YangCSDLConversionObj object at 0x04A47B10>, 'openconfig_yang_types': <rf.yangobj.YangCSDLConversionObj object at 0x04A4E6F0>, 'openconfig_packet_match_types': <rf.yangobj.YangCSDLConversionObj object at 0x04A59670>} openconfig_packet_match.ip_protocol_fields_common_config
{'openconfig_inet_types': <rf.yangobj.YangCSDLConversionObj object at 0x04A47B10>, 'openconfig_yang_types': <rf.yangobj.YangCSDLConversionObj object at 0x04A4E6F0>, 'openconfig_packet_match_types': <rf.yangobj.YangCSDLConversionObj object at 0x04A59670>} openconfig_packet_match.ipv4_protocol_fields_config
{'openconfig_inet_types': <rf.yangobj.YangCSDLConversionObj object at 0x04A47B10>, 'openconfig_yang_types': <rf.yangobj.YangCSDLConversionObj object at 0x04A4E6F0>, 'openconfig_packet_match_types': <rf.yangobj.YangCSDLConversionObj object at 0x04A59670>} openconfig_packet_match.ipv4_protocol_fields_state
{'openconfig_inet_types': <rf.yangobj.YangCSDLConversionObj object at 0x04A47B10>, 'openconfig_yang_types': <rf.yangobj.YangCSDLConversionObj object at 0x04A4E6F0>, 'openconfig_packet_match_types': <rf.yangobj.YangCSDLConversionObj object at 0x04A59670>} openconfig_packet_match.ipv4_protocol_fields_top
{'openconfig_inet_types': <rf.yangobj.YangCSDLConversionObj object at 0x04A47B10>, 'openconfig_yang_types': <rf.yangobj.YangCSDLConversionObj object at 0x04A4E6F0>, 'openconfig_packet_match_types': <rf.yangobj.YangCSDLConversionObj object at 0x04A59670>} openconfig_packet_match.ipv6_protocol_fields_config
{'openconfig_inet_types': <rf.yangobj.YangCSDLConversionObj object at 0x04A47B10>, 'openconfig_yang_types': <rf.yangobj.YangCSDLConversionObj object at 0x04A4E6F0>, 'openconfig_packet_match_types': <rf.yangobj.YangCSDLConversionObj object at 0x04A59670>} openconfig_packet_match.ipv6_protocol_fields_state
{'openconfig_inet_types': <rf.yangobj.YangCSDLConversionObj object at 0x04A47B10>, 'openconfig_yang_types': <rf.yangobj.YangCSDLConversionObj object at 0x04A4E6F0>, 'openconfig_packet_match_types': <rf.yangobj.YangCSDLConversionObj object at 0x04A59670>} openconfig_packet_match.ipv6_protocol_fields_top
{'openconfig_inet_types': <rf.yangobj.YangCSDLConversionObj object at 0x04A47B10>, 'openconfig_yang_types': <rf.yangobj.YangCSDLConversionObj object at 0x04A4E6F0>, 'openconfig_packet_match_types': <rf.yangobj.YangCSDLConversionObj object at 0x04A59670>} openconfig_packet_match.transport_fields_config
{'openconfig_inet_types': <rf.yangobj.YangCSDLConversionObj object at 0x04A47B10>, 'openconfig_yang_types': <rf.yangobj.YangCSDLConversionObj object at 0x04A4E6F0>, 'openconfig_packet_match_types': <rf.yangobj.YangCSDLConversionObj object at 0x04A59670>} openconfig_packet_match.transport_fields_state
{'openconfig_inet_types': <rf.yangobj.YangCSDLConversionObj object at 0x04A47B10>, 'openconfig_yang_types': <rf.yangobj.YangCSDLConversionObj object at 0x04A4E6F0>, 'openconfig_packet_match_types': <rf.yangobj.YangCSDLConversionObj object at 0x04A59670>} openconfig_packet_match.transport_fields_top
openconfig-acl
new obj
YangTAG--- module openconfig-acl
We don't recognize keyword ('openconfig-extensions', 'openconfig-version'), create as statement
Skipped children 2 in tag revision 2018-04-24
Skipped children 2 in tag revision 2017-05-26
Skipped children 2 in tag revision 2016-08-08
Skipped children 2 in tag revision 2016-01-22
Skipped children 1 in tag identity ACL_TYPE
Skipped children 2 in tag identity ACL_IPV4
Skipped children 2 in tag identity ACL_IPV6
Skipped children 2 in tag identity ACL_L2
Skipped children 2 in tag identity ACL_MIXED
Skipped children 1 in tag identity FORWARDING_ACTION
Skipped children 2 in tag identity ACCEPT
Skipped children 2 in tag identity DROP
Skipped children 2 in tag identity REJECT
Skipped children 1 in tag identity LOG_ACTION
Skipped children 2 in tag identity LOG_SYSLOG
Skipped children 2 in tag identity LOG_NONE
Skipped children 1 in tag identity ACL_COUNTER_CAPABILITY
Skipped children 2 in tag identity INTERFACE_ONLY
Skipped children 2 in tag identity AGGREGATE_ONLY
Skipped children 2 in tag identity INTERFACE_AGGREGATE
new obj
YangTAG--- grouping input-interface-config
new obj
YangTAG--- grouping input-interface-state
new obj
YangTAG--- grouping input-interface-top
new obj
YangTAG--- container input-interface
new obj
YangTAG--- container config
new obj
YangTAG--- container state
new obj
YangTAG--- container interface-ref
new obj
YangTAG--- container config
new obj
YangTAG--- container state
new obj
YangTAG--- grouping action-config
new obj
YangTAG--- grouping action-state
new obj
YangTAG--- grouping action-top
new obj
YangTAG--- container actions
new obj
YangTAG--- container config
new obj
YangTAG--- container state
new obj
YangTAG--- grouping acl-counters-state
new obj
YangTAG--- grouping access-list-entries-config
new obj
YangTAG--- grouping access-list-entries-state
new obj
YangTAG--- grouping access-list-entries-top
new obj
YangTAG--- container acl-entries
new obj
YangTAG--- list acl-entry
new obj
YangTAG--- container config
new obj
YangTAG--- container state
Skipped children 1 in tag uses oc-match:ethernet-header-top
Skipped children 1 in tag uses oc-match:ipv4-protocol-fields-top
Skipped children 1 in tag uses oc-match:ipv6-protocol-fields-top
Skipped children 1 in tag uses oc-match:transport-fields-top
new obj
YangTAG--- container l2
new obj
YangTAG--- container config
type location not found
new obj
YangTAG--- container state
type location not found
new obj
YangTAG--- container ipv4
new obj
YangTAG--- container config
type location not found
type location not found
type location not found
type location not found
new obj
YangTAG--- container state
type location not found
type location not found
type location not found
type location not found
new obj
YangTAG--- container ipv6
new obj
YangTAG--- container config
type location not found
type location not found
type location not found
type location not found
type location not found
type location not found
new obj
YangTAG--- container state
type location not found
type location not found
type location not found
type location not found
type location not found
type location not found
new obj
YangTAG--- container transport
new obj
YangTAG--- container config
type location not found
type location not found
new obj
YangTAG--- container state
type location not found
type location not found
new obj
YangTAG--- container input-interface
new obj
YangTAG--- container config
new obj
YangTAG--- container state
new obj
YangTAG--- container interface-ref
new obj
YangTAG--- container config
new obj
YangTAG--- container state
new obj
YangTAG--- container actions
new obj
YangTAG--- container config
new obj
YangTAG--- container state
new obj
YangTAG--- grouping acl-set-config
new obj
YangTAG--- grouping acl-set-state
new obj
YangTAG--- grouping acl-set-top
new obj
YangTAG--- container acl-sets
new obj
YangTAG--- list acl-set
new obj
YangTAG--- container config
new obj
YangTAG--- container state
new obj
YangTAG--- container acl-entries
new obj
YangTAG--- list acl-entry
new obj
YangTAG--- container config
new obj
YangTAG--- container state
Skipped children 1 in tag uses oc-match:ethernet-header-top
Skipped children 1 in tag uses oc-match:ipv4-protocol-fields-top
Skipped children 1 in tag uses oc-match:ipv6-protocol-fields-top
Skipped children 1 in tag uses oc-match:transport-fields-top
new obj
YangTAG--- container l2
new obj
YangTAG--- container config
type location not found
new obj
YangTAG--- container state
type location not found
new obj
YangTAG--- container ipv4
new obj
YangTAG--- container config
type location not found
type location not found
type location not found
type location not found
new obj
YangTAG--- container state
type location not found
type location not found
type location not found
type location not found
new obj
YangTAG--- container ipv6
new obj
YangTAG--- container config
type location not found
type location not found
type location not found
type location not found
type location not found
type location not found
new obj
YangTAG--- container state
type location not found
type location not found
type location not found
type location not found
type location not found
type location not found
new obj
YangTAG--- container transport
new obj
YangTAG--- container config
type location not found
type location not found
new obj
YangTAG--- container state
type location not found
type location not found
new obj
YangTAG--- container input-interface
new obj
YangTAG--- container config
new obj
YangTAG--- container state
new obj
YangTAG--- container interface-ref
new obj
YangTAG--- container config
new obj
YangTAG--- container state
new obj
YangTAG--- container actions
new obj
YangTAG--- container config
new obj
YangTAG--- container state
new obj
YangTAG--- grouping interface-acl-entries-config
new obj
YangTAG--- grouping interface-acl-entries-state
new obj
YangTAG--- grouping interface-acl-entries-top
new obj
YangTAG--- container acl-entries
new obj
YangTAG--- list acl-entry
new obj
YangTAG--- container state
new obj
YangTAG--- grouping interface-ingress-acl-config
new obj
YangTAG--- grouping interface-ingress-acl-state
new obj
YangTAG--- grouping interface-ingress-acl-top
new obj
YangTAG--- container ingress-acl-sets
new obj
YangTAG--- list ingress-acl-set
new obj
YangTAG--- container config
new obj
YangTAG--- container state
new obj
YangTAG--- container acl-entries
new obj
YangTAG--- list acl-entry
new obj
YangTAG--- container state
new obj
YangTAG--- grouping interface-egress-acl-config
new obj
YangTAG--- grouping interface-egress-acl-state
new obj
YangTAG--- grouping interface-egress-acl-top
new obj
YangTAG--- container egress-acl-sets
new obj
YangTAG--- list egress-acl-set
new obj
YangTAG--- container config
new obj
YangTAG--- container state
new obj
YangTAG--- container acl-entries
new obj
YangTAG--- list acl-entry
new obj
YangTAG--- container state
new obj
YangTAG--- grouping acl-interfaces-config
new obj
YangTAG--- grouping acl-interfaces-state
new obj
YangTAG--- grouping acl-interfaces-top
new obj
YangTAG--- container interfaces
new obj
YangTAG--- list interface
new obj
YangTAG--- container config
new obj
YangTAG--- container state
new obj
YangTAG--- container interface-ref
new obj
YangTAG--- container config
new obj
YangTAG--- container state
new obj
YangTAG--- container ingress-acl-sets
new obj
YangTAG--- list ingress-acl-set
new obj
YangTAG--- container config
new obj
YangTAG--- container state
new obj
YangTAG--- container acl-entries
new obj
YangTAG--- list acl-entry
new obj
YangTAG--- container state
new obj
YangTAG--- container egress-acl-sets
new obj
YangTAG--- list egress-acl-set
new obj
YangTAG--- container config
new obj
YangTAG--- container state
new obj
YangTAG--- container acl-entries
new obj
YangTAG--- list acl-entry
new obj
YangTAG--- container state
new obj
YangTAG--- grouping acl-config
new obj
YangTAG--- grouping acl-state
new obj
YangTAG--- grouping acl-top
new obj
YangTAG--- container acl
new obj
YangTAG--- container config
new obj
YangTAG--- container state
new obj
YangTAG--- container acl-sets
new obj
YangTAG--- list acl-set
new obj
YangTAG--- container config
new obj
YangTAG--- container state
new obj
YangTAG--- container acl-entries
new obj
YangTAG--- list acl-entry
new obj
YangTAG--- container config
new obj
YangTAG--- container state
Skipped children 1 in tag uses oc-match:ethernet-header-top
Skipped children 1 in tag uses oc-match:ipv4-protocol-fields-top
Skipped children 1 in tag uses oc-match:ipv6-protocol-fields-top
Skipped children 1 in tag uses oc-match:transport-fields-top
new obj
YangTAG--- container l2
new obj
YangTAG--- container config
type location not found
new obj
YangTAG--- container state
type location not found
new obj
YangTAG--- container ipv4
new obj
YangTAG--- container config
type location not found
type location not found
type location not found
type location not found
new obj
YangTAG--- container state
type location not found
type location not found
type location not found
type location not found
new obj
YangTAG--- container ipv6
new obj
YangTAG--- container config
type location not found
type location not found
type location not found
type location not found
type location not found
type location not found
new obj
YangTAG--- container state
type location not found
type location not found
type location not found
type location not found
type location not found
type location not found
new obj
YangTAG--- container transport
new obj
YangTAG--- container config
type location not found
type location not found
new obj
YangTAG--- container state
type location not found
type location not found
new obj
YangTAG--- container input-interface
new obj
YangTAG--- container config
new obj
YangTAG--- container state
new obj
YangTAG--- container interface-ref
new obj
YangTAG--- container config
new obj
YangTAG--- container state
new obj
YangTAG--- container actions
new obj
YangTAG--- container config
new obj
YangTAG--- container state
new obj
YangTAG--- container interfaces
new obj
YangTAG--- list interface
new obj
YangTAG--- container config
new obj
YangTAG--- container state
new obj
YangTAG--- container interface-ref
new obj
YangTAG--- container config
new obj
YangTAG--- container state
new obj
YangTAG--- container ingress-acl-sets
new obj
YangTAG--- list ingress-acl-set
new obj
YangTAG--- container config
new obj
YangTAG--- container state
new obj
YangTAG--- container acl-entries
new obj
YangTAG--- list acl-entry
new obj
YangTAG--- container state
new obj
YangTAG--- container egress-acl-sets
new obj
YangTAG--- list egress-acl-set
new obj
YangTAG--- container config
new obj
YangTAG--- container state
new obj
YangTAG--- container acl-entries
new obj
YangTAG--- list acl-entry
new obj
YangTAG--- container state
new obj
YangTAG--- container acl
new obj
YangTAG--- container config
new obj
YangTAG--- container state
new obj
YangTAG--- container acl-sets
new obj
YangTAG--- list acl-set
new obj
YangTAG--- container config
new obj
YangTAG--- container state
new obj
YangTAG--- container acl-entries
new obj
YangTAG--- list acl-entry
new obj
YangTAG--- container config
new obj
YangTAG--- container state
Skipped children 1 in tag uses oc-match:ethernet-header-top
Skipped children 1 in tag uses oc-match:ipv4-protocol-fields-top
Skipped children 1 in tag uses oc-match:ipv6-protocol-fields-top
Skipped children 1 in tag uses oc-match:transport-fields-top
new obj
YangTAG--- container l2
new obj
YangTAG--- container config
type location not found
new obj
YangTAG--- container state
type location not found
new obj
YangTAG--- container ipv4
new obj
YangTAG--- container config
type location not found
type location not found
type location not found
type location not found
new obj
YangTAG--- container state
type location not found
type location not found
type location not found
type location not found
new obj
YangTAG--- container ipv6
new obj
YangTAG--- container config
type location not found
type location not found
type location not found
type location not found
type location not found
type location not found
new obj
YangTAG--- container state
type location not found
type location not found
type location not found
type location not found
type location not found
type location not found
new obj
YangTAG--- container transport
new obj
YangTAG--- container config
type location not found
type location not found
new obj
YangTAG--- container state
type location not found
type location not found
new obj
YangTAG--- container input-interface
new obj
YangTAG--- container config
new obj
YangTAG--- container state
new obj
YangTAG--- container interface-ref
new obj
YangTAG--- container config
new obj
YangTAG--- container state
new obj
YangTAG--- container actions
new obj
YangTAG--- container config
new obj
YangTAG--- container state
new obj
YangTAG--- container interfaces
new obj
YangTAG--- list interface
new obj
YangTAG--- container config
new obj
YangTAG--- container state
new obj
YangTAG--- container interface-ref
new obj
YangTAG--- container config
new obj
YangTAG--- container state
new obj
YangTAG--- container ingress-acl-sets
new obj
YangTAG--- list ingress-acl-set
new obj
YangTAG--- container config
new obj
YangTAG--- container state
new obj
YangTAG--- container acl-entries
new obj
YangTAG--- list acl-entry
new obj
YangTAG--- container state
new obj
YangTAG--- container egress-acl-sets
new obj
YangTAG--- list egress-acl-set
new obj
YangTAG--- container config
new obj
YangTAG--- container state
new obj
YangTAG--- container acl-entries
new obj
YangTAG--- list acl-entry
new obj
YangTAG--- container state
{} openconfig_acl.input_interface_top.input_interface.interface_ref.config
{} openconfig_acl.input_interface_top.input_interface.interface_ref.state
{} openconfig_acl.input_interface_top.input_interface.config
{} openconfig_acl.input_interface_top.input_interface.state
{} openconfig_acl.input_interface_top.input_interface.interface_ref
{} openconfig_acl.input_interface_top.input_interface
{} openconfig_acl.action_top.actions.config
{} openconfig_acl.action_top.actions.state
{} openconfig_acl.action_top.actions
{'openconfig_yang_types': <rf.yangobj.YangCSDLConversionObj object at 0x04A4E6F0>} openconfig_acl.access_list_entries_top.acl_entries.acl_entry.l2.config
{'openconfig_yang_types': <rf.yangobj.YangCSDLConversionObj object at 0x04A4E6F0>} openconfig_acl.access_list_entries_top.acl_entries.acl_entry.l2.state
{'openconfig_yang_types': <rf.yangobj.YangCSDLConversionObj object at 0x04A4E6F0>} openconfig_acl.access_list_entries_top.acl_entries.acl_entry.ipv4.config
{'openconfig_yang_types': <rf.yangobj.YangCSDLConversionObj object at 0x04A4E6F0>} openconfig_acl.access_list_entries_top.acl_entries.acl_entry.ipv4.state
{'openconfig_yang_types': <rf.yangobj.YangCSDLConversionObj object at 0x04A4E6F0>} openconfig_acl.access_list_entries_top.acl_entries.acl_entry.ipv6.config
{'openconfig_yang_types': <rf.yangobj.YangCSDLConversionObj object at 0x04A4E6F0>} openconfig_acl.access_list_entries_top.acl_entries.acl_entry.ipv6.state
{'openconfig_yang_types': <rf.yangobj.YangCSDLConversionObj object at 0x04A4E6F0>} openconfig_acl.access_list_entries_top.acl_entries.acl_entry.transport.config
{'openconfig_yang_types': <rf.yangobj.YangCSDLConversionObj object at 0x04A4E6F0>} openconfig_acl.access_list_entries_top.acl_entries.acl_entry.transport.state
{'openconfig_yang_types': <rf.yangobj.YangCSDLConversionObj object at 0x04A4E6F0>} openconfig_acl.access_list_entries_top.acl_entries.acl_entry.input_interface.interface_ref.config
{'openconfig_yang_types': <rf.yangobj.YangCSDLConversionObj object at 0x04A4E6F0>} openconfig_acl.access_list_entries_top.acl_entries.acl_entry.input_interface.interface_ref.state
{'openconfig_yang_types': <rf.yangobj.YangCSDLConversionObj object at 0x04A4E6F0>} openconfig_acl.access_list_entries_top.acl_entries.acl_entry.input_interface.config
{'openconfig_yang_types': <rf.yangobj.YangCSDLConversionObj object at 0x04A4E6F0>} openconfig_acl.access_list_entries_top.acl_entries.acl_entry.input_interface.state
{'openconfig_yang_types': <rf.yangobj.YangCSDLConversionObj object at 0x04A4E6F0>} openconfig_acl.access_list_entries_top.acl_entries.acl_entry.input_interface.interface_ref
{'openconfig_yang_types': <rf.yangobj.YangCSDLConversionObj object at 0x04A4E6F0>} openconfig_acl.access_list_entries_top.acl_entries.acl_entry.actions.config
{'openconfig_yang_types': <rf.yangobj.YangCSDLConversionObj object at 0x04A4E6F0>} openconfig_acl.access_list_entries_top.acl_entries.acl_entry.actions.state
{'openconfig_yang_types': <rf.yangobj.YangCSDLConversionObj object at 0x04A4E6F0>} openconfig_acl.access_list_entries_top.acl_entries.acl_entry.config
{'openconfig_yang_types': <rf.yangobj.YangCSDLConversionObj object at 0x04A4E6F0>} openconfig_acl.access_list_entries_top.acl_entries.acl_entry.state
{'openconfig_yang_types': <rf.yangobj.YangCSDLConversionObj object at 0x04A4E6F0>} openconfig_acl.access_list_entries_top.acl_entries.acl_entry.l2
{'openconfig_yang_types': <rf.yangobj.YangCSDLConversionObj object at 0x04A4E6F0>} openconfig_acl.access_list_entries_top.acl_entries.acl_entry.ipv4
{'openconfig_yang_types': <rf.yangobj.YangCSDLConversionObj object at 0x04A4E6F0>} openconfig_acl.access_list_entries_top.acl_entries.acl_entry.ipv6
{'openconfig_yang_types': <rf.yangobj.YangCSDLConversionObj object at 0x04A4E6F0>} openconfig_acl.access_list_entries_top.acl_entries.acl_entry.transport
{'openconfig_yang_types': <rf.yangobj.YangCSDLConversionObj object at 0x04A4E6F0>} openconfig_acl.access_list_entries_top.acl_entries.acl_entry.input_interface
{'openconfig_yang_types': <rf.yangobj.YangCSDLConversionObj object at 0x04A4E6F0>} openconfig_acl.access_list_entries_top.acl_entries.acl_entry.actions
{'openconfig_yang_types': <rf.yangobj.YangCSDLConversionObj object at 0x04A4E6F0>} openconfig_acl.access_list_entries_top.acl_entries.acl_entry
{'openconfig_yang_types': <rf.yangobj.YangCSDLConversionObj object at 0x04A4E6F0>} openconfig_acl.access_list_entries_top.acl_entries
{'openconfig_yang_types': <rf.yangobj.YangCSDLConversionObj object at 0x04A4E6F0>} openconfig_acl.acl_set_top.acl_sets.acl_set.acl_entries.acl_entry.l2.config
{'openconfig_yang_types': <rf.yangobj.YangCSDLConversionObj object at 0x04A4E6F0>} openconfig_acl.acl_set_top.acl_sets.acl_set.acl_entries.acl_entry.l2.state
{'openconfig_yang_types': <rf.yangobj.YangCSDLConversionObj object at 0x04A4E6F0>} openconfig_acl.acl_set_top.acl_sets.acl_set.acl_entries.acl_entry.ipv4.config
{'openconfig_yang_types': <rf.yangobj.YangCSDLConversionObj object at 0x04A4E6F0>} openconfig_acl.acl_set_top.acl_sets.acl_set.acl_entries.acl_entry.ipv4.state
{'openconfig_yang_types': <rf.yangobj.YangCSDLConversionObj object at 0x04A4E6F0>} openconfig_acl.acl_set_top.acl_sets.acl_set.acl_entries.acl_entry.ipv6.config
{'openconfig_yang_types': <rf.yangobj.YangCSDLConversionObj object at 0x04A4E6F0>} openconfig_acl.acl_set_top.acl_sets.acl_set.acl_entries.acl_entry.ipv6.state
{'openconfig_yang_types': <rf.yangobj.YangCSDLConversionObj object at 0x04A4E6F0>} openconfig_acl.acl_set_top.acl_sets.acl_set.acl_entries.acl_entry.transport.config
{'openconfig_yang_types': <rf.yangobj.YangCSDLConversionObj object at 0x04A4E6F0>} openconfig_acl.acl_set_top.acl_sets.acl_set.acl_entries.acl_entry.transport.state
{'openconfig_yang_types': <rf.yangobj.YangCSDLConversionObj object at 0x04A4E6F0>} openconfig_acl.acl_set_top.acl_sets.acl_set.acl_entries.acl_entry.input_interface.interface_ref.config
{'openconfig_yang_types': <rf.yangobj.YangCSDLConversionObj object at 0x04A4E6F0>} openconfig_acl.acl_set_top.acl_sets.acl_set.acl_entries.acl_entry.input_interface.interface_ref.state
{'openconfig_yang_types': <rf.yangobj.YangCSDLConversionObj object at 0x04A4E6F0>} openconfig_acl.acl_set_top.acl_sets.acl_set.acl_entries.acl_entry.input_interface.config
{'openconfig_yang_types': <rf.yangobj.YangCSDLConversionObj object at 0x04A4E6F0>} openconfig_acl.acl_set_top.acl_sets.acl_set.acl_entries.acl_entry.input_interface.state
{'openconfig_yang_types': <rf.yangobj.YangCSDLConversionObj object at 0x04A4E6F0>} openconfig_acl.acl_set_top.acl_sets.acl_set.acl_entries.acl_entry.input_interface.interface_ref
{'openconfig_yang_types': <rf.yangobj.YangCSDLConversionObj object at 0x04A4E6F0>} openconfig_acl.acl_set_top.acl_sets.acl_set.acl_entries.acl_entry.actions.config
{'openconfig_yang_types': <rf.yangobj.YangCSDLConversionObj object at 0x04A4E6F0>} openconfig_acl.acl_set_top.acl_sets.acl_set.acl_entries.acl_entry.actions.state
{'openconfig_yang_types': <rf.yangobj.YangCSDLConversionObj object at 0x04A4E6F0>} openconfig_acl.acl_set_top.acl_sets.acl_set.acl_entries.acl_entry.config
{'openconfig_yang_types': <rf.yangobj.YangCSDLConversionObj object at 0x04A4E6F0>} openconfig_acl.acl_set_top.acl_sets.acl_set.acl_entries.acl_entry.state
{'openconfig_yang_types': <rf.yangobj.YangCSDLConversionObj object at 0x04A4E6F0>} openconfig_acl.acl_set_top.acl_sets.acl_set.acl_entries.acl_entry.l2
{'openconfig_yang_types': <rf.yangobj.YangCSDLConversionObj object at 0x04A4E6F0>} openconfig_acl.acl_set_top.acl_sets.acl_set.acl_entries.acl_entry.ipv4
{'openconfig_yang_types': <rf.yangobj.YangCSDLConversionObj object at 0x04A4E6F0>} openconfig_acl.acl_set_top.acl_sets.acl_set.acl_entries.acl_entry.ipv6
{'openconfig_yang_types': <rf.yangobj.YangCSDLConversionObj object at 0x04A4E6F0>} openconfig_acl.acl_set_top.acl_sets.acl_set.acl_entries.acl_entry.transport
{'openconfig_yang_types': <rf.yangobj.YangCSDLConversionObj object at 0x04A4E6F0>} openconfig_acl.acl_set_top.acl_sets.acl_set.acl_entries.acl_entry.input_interface
{'openconfig_yang_types': <rf.yangobj.YangCSDLConversionObj object at 0x04A4E6F0>} openconfig_acl.acl_set_top.acl_sets.acl_set.acl_entries.acl_entry.actions
{'openconfig_yang_types': <rf.yangobj.YangCSDLConversionObj object at 0x04A4E6F0>} openconfig_acl.acl_set_top.acl_sets.acl_set.acl_entries.acl_entry
{'openconfig_yang_types': <rf.yangobj.YangCSDLConversionObj object at 0x04A4E6F0>} openconfig_acl.acl_set_top.acl_sets.acl_set.config
{'openconfig_yang_types': <rf.yangobj.YangCSDLConversionObj object at 0x04A4E6F0>} openconfig_acl.acl_set_top.acl_sets.acl_set.state
{'openconfig_yang_types': <rf.yangobj.YangCSDLConversionObj object at 0x04A4E6F0>} openconfig_acl.acl_set_top.acl_sets.acl_set.acl_entries
{'openconfig_yang_types': <rf.yangobj.YangCSDLConversionObj object at 0x04A4E6F0>} openconfig_acl.acl_set_top.acl_sets.acl_set
{'openconfig_yang_types': <rf.yangobj.YangCSDLConversionObj object at 0x04A4E6F0>} openconfig_acl.acl_set_top.acl_sets
{'openconfig_yang_types': <rf.yangobj.YangCSDLConversionObj object at 0x04A4E6F0>} openconfig_acl.interface_acl_entries_top.acl_entries.acl_entry.state
{'openconfig_yang_types': <rf.yangobj.YangCSDLConversionObj object at 0x04A4E6F0>} openconfig_acl.interface_acl_entries_top.acl_entries.acl_entry
{'openconfig_yang_types': <rf.yangobj.YangCSDLConversionObj object at 0x04A4E6F0>} openconfig_acl.interface_acl_entries_top.acl_entries
{'openconfig_yang_types': <rf.yangobj.YangCSDLConversionObj object at 0x04A4E6F0>} openconfig_acl.interface_ingress_acl_top.ingress_acl_sets.ingress_acl_set.acl_entries.acl_entry.state
{'openconfig_yang_types': <rf.yangobj.YangCSDLConversionObj object at 0x04A4E6F0>} openconfig_acl.interface_ingress_acl_top.ingress_acl_sets.ingress_acl_set.acl_entries.acl_entry
{'openconfig_yang_types': <rf.yangobj.YangCSDLConversionObj object at 0x04A4E6F0>} openconfig_acl.interface_ingress_acl_top.ingress_acl_sets.ingress_acl_set.config
{'openconfig_yang_types': <rf.yangobj.YangCSDLConversionObj object at 0x04A4E6F0>} openconfig_acl.interface_ingress_acl_top.ingress_acl_sets.ingress_acl_set.state
{'openconfig_yang_types': <rf.yangobj.YangCSDLConversionObj object at 0x04A4E6F0>} openconfig_acl.interface_ingress_acl_top.ingress_acl_sets.ingress_acl_set.acl_entries
{'openconfig_yang_types': <rf.yangobj.YangCSDLConversionObj object at 0x04A4E6F0>} openconfig_acl.interface_ingress_acl_top.ingress_acl_sets.ingress_acl_set
{'openconfig_yang_types': <rf.yangobj.YangCSDLConversionObj object at 0x04A4E6F0>} openconfig_acl.interface_ingress_acl_top.ingress_acl_sets
{'openconfig_yang_types': <rf.yangobj.YangCSDLConversionObj object at 0x04A4E6F0>} openconfig_acl.interface_egress_acl_top.egress_acl_sets.egress_acl_set.acl_entries.acl_entry.state
{'openconfig_yang_types': <rf.yangobj.YangCSDLConversionObj object at 0x04A4E6F0>} openconfig_acl.interface_egress_acl_top.egress_acl_sets.egress_acl_set.acl_entries.acl_entry
{'openconfig_yang_types': <rf.yangobj.YangCSDLConversionObj object at 0x04A4E6F0>} openconfig_acl.interface_egress_acl_top.egress_acl_sets.egress_acl_set.config
{'openconfig_yang_types': <rf.yangobj.YangCSDLConversionObj object at 0x04A4E6F0>} openconfig_acl.interface_egress_acl_top.egress_acl_sets.egress_acl_set.state
{'openconfig_yang_types': <rf.yangobj.YangCSDLConversionObj object at 0x04A4E6F0>} openconfig_acl.interface_egress_acl_top.egress_acl_sets.egress_acl_set.acl_entries
{'openconfig_yang_types': <rf.yangobj.YangCSDLConversionObj object at 0x04A4E6F0>} openconfig_acl.interface_egress_acl_top.egress_acl_sets.egress_acl_set
{'openconfig_yang_types': <rf.yangobj.YangCSDLConversionObj object at 0x04A4E6F0>} openconfig_acl.interface_egress_acl_top.egress_acl_sets
{'openconfig_yang_types': <rf.yangobj.YangCSDLConversionObj object at 0x04A4E6F0>} openconfig_acl.acl_interfaces_top.interfaces.interface.interface_ref.config
{'openconfig_yang_types': <rf.yangobj.YangCSDLConversionObj object at 0x04A4E6F0>} openconfig_acl.acl_interfaces_top.interfaces.interface.interface_ref.state
{'openconfig_yang_types': <rf.yangobj.YangCSDLConversionObj object at 0x04A4E6F0>} openconfig_acl.acl_interfaces_top.interfaces.interface.ingress_acl_sets.ingress_acl_set.acl_entries.acl_entry.state
{'openconfig_yang_types': <rf.yangobj.YangCSDLConversionObj object at 0x04A4E6F0>} openconfig_acl.acl_interfaces_top.interfaces.interface.ingress_acl_sets.ingress_acl_set.acl_entries.acl_entry
{'openconfig_yang_types': <rf.yangobj.YangCSDLConversionObj object at 0x04A4E6F0>} openconfig_acl.acl_interfaces_top.interfaces.interface.ingress_acl_sets.ingress_acl_set.config
{'openconfig_yang_types': <rf.yangobj.YangCSDLConversionObj object at 0x04A4E6F0>} openconfig_acl.acl_interfaces_top.interfaces.interface.ingress_acl_sets.ingress_acl_set.state
{'openconfig_yang_types': <rf.yangobj.YangCSDLConversionObj object at 0x04A4E6F0>} openconfig_acl.acl_interfaces_top.interfaces.interface.ingress_acl_sets.ingress_acl_set.acl_entries
{'openconfig_yang_types': <rf.yangobj.YangCSDLConversionObj object at 0x04A4E6F0>} openconfig_acl.acl_interfaces_top.interfaces.interface.ingress_acl_sets.ingress_acl_set
{'openconfig_yang_types': <rf.yangobj.YangCSDLConversionObj object at 0x04A4E6F0>} openconfig_acl.acl_interfaces_top.interfaces.interface.egress_acl_sets.egress_acl_set.acl_entries.acl_entry.state
{'openconfig_yang_types': <rf.yangobj.YangCSDLConversionObj object at 0x04A4E6F0>} openconfig_acl.acl_interfaces_top.interfaces.interface.egress_acl_sets.egress_acl_set.acl_entries.acl_entry
{'openconfig_yang_types': <rf.yangobj.YangCSDLConversionObj object at 0x04A4E6F0>} openconfig_acl.acl_interfaces_top.interfaces.interface.egress_acl_sets.egress_acl_set.config
{'openconfig_yang_types': <rf.yangobj.YangCSDLConversionObj object at 0x04A4E6F0>} openconfig_acl.acl_interfaces_top.interfaces.interface.egress_acl_sets.egress_acl_set.state
{'openconfig_yang_types': <rf.yangobj.YangCSDLConversionObj object at 0x04A4E6F0>} openconfig_acl.acl_interfaces_top.interfaces.interface.egress_acl_sets.egress_acl_set.acl_entries
{'openconfig_yang_types': <rf.yangobj.YangCSDLConversionObj object at 0x04A4E6F0>} openconfig_acl.acl_interfaces_top.interfaces.interface.egress_acl_sets.egress_acl_set
{'openconfig_yang_types': <rf.yangobj.YangCSDLConversionObj object at 0x04A4E6F0>, 'openconfig_interfaces': <rf.yangobj.YangCSDLConversionObj object at 0x04A53F50>} openconfig_acl.acl_interfaces_top.interfaces.interface.config
{'openconfig_yang_types': <rf.yangobj.YangCSDLConversionObj object at 0x04A4E6F0>, 'openconfig_interfaces': <rf.yangobj.YangCSDLConversionObj object at 0x04A53F50>} openconfig_acl.acl_interfaces_top.interfaces.interface.state
{'openconfig_yang_types': <rf.yangobj.YangCSDLConversionObj object at 0x04A4E6F0>, 'openconfig_interfaces': <rf.yangobj.YangCSDLConversionObj object at 0x04A53F50>} openconfig_acl.acl_interfaces_top.interfaces.interface.interface_ref
{'openconfig_yang_types': <rf.yangobj.YangCSDLConversionObj object at 0x04A4E6F0>, 'openconfig_interfaces': <rf.yangobj.YangCSDLConversionObj object at 0x04A53F50>} openconfig_acl.acl_interfaces_top.interfaces.interface.ingress_acl_sets
{'openconfig_yang_types': <rf.yangobj.YangCSDLConversionObj object at 0x04A4E6F0>, 'openconfig_interfaces': <rf.yangobj.YangCSDLConversionObj object at 0x04A53F50>} openconfig_acl.acl_interfaces_top.interfaces.interface.egress_acl_sets
{'openconfig_yang_types': <rf.yangobj.YangCSDLConversionObj object at 0x04A4E6F0>, 'openconfig_interfaces': <rf.yangobj.YangCSDLConversionObj object at 0x04A53F50>} openconfig_acl.acl_interfaces_top.interfaces.interface
{'openconfig_yang_types': <rf.yangobj.YangCSDLConversionObj object at 0x04A4E6F0>, 'openconfig_interfaces': <rf.yangobj.YangCSDLConversionObj object at 0x04A53F50>} openconfig_acl.acl_interfaces_top.interfaces
{'openconfig_yang_types': <rf.yangobj.YangCSDLConversionObj object at 0x04A4E6F0>, 'openconfig_interfaces': <rf.yangobj.YangCSDLConversionObj object at 0x04A53F50>} openconfig_acl.acl_top.acl.acl_sets.acl_set.acl_entries.acl_entry.l2.config
{'openconfig_yang_types': <rf.yangobj.YangCSDLConversionObj object at 0x04A4E6F0>, 'openconfig_interfaces': <rf.yangobj.YangCSDLConversionObj object at 0x04A53F50>} openconfig_acl.acl_top.acl.acl_sets.acl_set.acl_entries.acl_entry.l2.state
{'openconfig_yang_types': <rf.yangobj.YangCSDLConversionObj object at 0x04A4E6F0>, 'openconfig_interfaces': <rf.yangobj.YangCSDLConversionObj object at 0x04A53F50>} openconfig_acl.acl_top.acl.acl_sets.acl_set.acl_entries.acl_entry.ipv4.config
{'openconfig_yang_types': <rf.yangobj.YangCSDLConversionObj object at 0x04A4E6F0>, 'openconfig_interfaces': <rf.yangobj.YangCSDLConversionObj object at 0x04A53F50>} openconfig_acl.acl_top.acl.acl_sets.acl_set.acl_entries.acl_entry.ipv4.state
{'openconfig_yang_types': <rf.yangobj.YangCSDLConversionObj object at 0x04A4E6F0>, 'openconfig_interfaces': <rf.yangobj.YangCSDLConversionObj object at 0x04A53F50>} openconfig_acl.acl_top.acl.acl_sets.acl_set.acl_entries.acl_entry.ipv6.config
{'openconfig_yang_types': <rf.yangobj.YangCSDLConversionObj object at 0x04A4E6F0>, 'openconfig_interfaces': <rf.yangobj.YangCSDLConversionObj object at 0x04A53F50>} openconfig_acl.acl_top.acl.acl_sets.acl_set.acl_entries.acl_entry.ipv6.state
{'openconfig_yang_types': <rf.yangobj.YangCSDLConversionObj object at 0x04A4E6F0>, 'openconfig_interfaces': <rf.yangobj.YangCSDLConversionObj object at 0x04A53F50>} openconfig_acl.acl_top.acl.acl_sets.acl_set.acl_entries.acl_entry.transport.config
{'openconfig_yang_types': <rf.yangobj.YangCSDLConversionObj object at 0x04A4E6F0>, 'openconfig_interfaces': <rf.yangobj.YangCSDLConversionObj object at 0x04A53F50>} openconfig_acl.acl_top.acl.acl_sets.acl_set.acl_entries.acl_entry.transport.state
{'openconfig_yang_types': <rf.yangobj.YangCSDLConversionObj object at 0x04A4E6F0>, 'openconfig_interfaces': <rf.yangobj.YangCSDLConversionObj object at 0x04A53F50>} openconfig_acl.acl_top.acl.acl_sets.acl_set.acl_entries.acl_entry.input_interface.interface_ref.config
{'openconfig_yang_types': <rf.yangobj.YangCSDLConversionObj object at 0x04A4E6F0>, 'openconfig_interfaces': <rf.yangobj.YangCSDLConversionObj object at 0x04A53F50>} openconfig_acl.acl_top.acl.acl_sets.acl_set.acl_entries.acl_entry.input_interface.interface_ref.state
{'openconfig_yang_types': <rf.yangobj.YangCSDLConversionObj object at 0x04A4E6F0>, 'openconfig_interfaces': <rf.yangobj.YangCSDLConversionObj object at 0x04A53F50>} openconfig_acl.acl_top.acl.acl_sets.acl_set.acl_entries.acl_entry.input_interface.config
{'openconfig_yang_types': <rf.yangobj.YangCSDLConversionObj object at 0x04A4E6F0>, 'openconfig_interfaces': <rf.yangobj.YangCSDLConversionObj object at 0x04A53F50>} openconfig_acl.acl_top.acl.acl_sets.acl_set.acl_entries.acl_entry.input_interface.state
{'openconfig_yang_types': <rf.yangobj.YangCSDLConversionObj object at 0x04A4E6F0>, 'openconfig_interfaces': <rf.yangobj.YangCSDLConversionObj object at 0x04A53F50>} openconfig_acl.acl_top.acl.acl_sets.acl_set.acl_entries.acl_entry.input_interface.interface_ref
{'openconfig_yang_types': <rf.yangobj.YangCSDLConversionObj object at 0x04A4E6F0>, 'openconfig_interfaces': <rf.yangobj.YangCSDLConversionObj object at 0x04A53F50>} openconfig_acl.acl_top.acl.acl_sets.acl_set.acl_entries.acl_entry.actions.config
{'openconfig_yang_types': <rf.yangobj.YangCSDLConversionObj object at 0x04A4E6F0>, 'openconfig_interfaces': <rf.yangobj.YangCSDLConversionObj object at 0x04A53F50>} openconfig_acl.acl_top.acl.acl_sets.acl_set.acl_entries.acl_entry.actions.state
{'openconfig_yang_types': <rf.yangobj.YangCSDLConversionObj object at 0x04A4E6F0>, 'openconfig_interfaces': <rf.yangobj.YangCSDLConversionObj object at 0x04A53F50>} openconfig_acl.acl_top.acl.acl_sets.acl_set.acl_entries.acl_entry.config
{'openconfig_yang_types': <rf.yangobj.YangCSDLConversionObj object at 0x04A4E6F0>, 'openconfig_interfaces': <rf.yangobj.YangCSDLConversionObj object at 0x04A53F50>} openconfig_acl.acl_top.acl.acl_sets.acl_set.acl_entries.acl_entry.state
{'openconfig_yang_types': <rf.yangobj.YangCSDLConversionObj object at 0x04A4E6F0>, 'openconfig_interfaces': <rf.yangobj.YangCSDLConversionObj object at 0x04A53F50>} openconfig_acl.acl_top.acl.acl_sets.acl_set.acl_entries.acl_entry.l2
{'openconfig_yang_types': <rf.yangobj.YangCSDLConversionObj object at 0x04A4E6F0>, 'openconfig_interfaces': <rf.yangobj.YangCSDLConversionObj object at 0x04A53F50>} openconfig_acl.acl_top.acl.acl_sets.acl_set.acl_entries.acl_entry.ipv4
{'openconfig_yang_types': <rf.yangobj.YangCSDLConversionObj object at 0x04A4E6F0>, 'openconfig_interfaces': <rf.yangobj.YangCSDLConversionObj object at 0x04A53F50>} openconfig_acl.acl_top.acl.acl_sets.acl_set.acl_entries.acl_entry.ipv6
{'openconfig_yang_types': <rf.yangobj.YangCSDLConversionObj object at 0x04A4E6F0>, 'openconfig_interfaces': <rf.yangobj.YangCSDLConversionObj object at 0x04A53F50>} openconfig_acl.acl_top.acl.acl_sets.acl_set.acl_entries.acl_entry.transport
{'openconfig_yang_types': <rf.yangobj.YangCSDLConversionObj object at 0x04A4E6F0>, 'openconfig_interfaces': <rf.yangobj.YangCSDLConversionObj object at 0x04A53F50>} openconfig_acl.acl_top.acl.acl_sets.acl_set.acl_entries.acl_entry.input_interface
{'openconfig_yang_types': <rf.yangobj.YangCSDLConversionObj object at 0x04A4E6F0>, 'openconfig_interfaces': <rf.yangobj.YangCSDLConversionObj object at 0x04A53F50>} openconfig_acl.acl_top.acl.acl_sets.acl_set.acl_entries.acl_entry.actions
{'openconfig_yang_types': <rf.yangobj.YangCSDLConversionObj object at 0x04A4E6F0>, 'openconfig_interfaces': <rf.yangobj.YangCSDLConversionObj object at 0x04A53F50>} openconfig_acl.acl_top.acl.acl_sets.acl_set.acl_entries.acl_entry
{'openconfig_yang_types': <rf.yangobj.YangCSDLConversionObj object at 0x04A4E6F0>, 'openconfig_interfaces': <rf.yangobj.YangCSDLConversionObj object at 0x04A53F50>} openconfig_acl.acl_top.acl.acl_sets.acl_set.config
{'openconfig_yang_types': <rf.yangobj.YangCSDLConversionObj object at 0x04A4E6F0>, 'openconfig_interfaces': <rf.yangobj.YangCSDLConversionObj object at 0x04A53F50>} openconfig_acl.acl_top.acl.acl_sets.acl_set.state
{'openconfig_yang_types': <rf.yangobj.YangCSDLConversionObj object at 0x04A4E6F0>, 'openconfig_interfaces': <rf.yangobj.YangCSDLConversionObj object at 0x04A53F50>} openconfig_acl.acl_top.acl.acl_sets.acl_set.acl_entries
{'openconfig_yang_types': <rf.yangobj.YangCSDLConversionObj object at 0x04A4E6F0>, 'openconfig_interfaces': <rf.yangobj.YangCSDLConversionObj object at 0x04A53F50>} openconfig_acl.acl_top.acl.acl_sets.acl_set
{'openconfig_yang_types': <rf.yangobj.YangCSDLConversionObj object at 0x04A4E6F0>, 'openconfig_interfaces': <rf.yangobj.YangCSDLConversionObj object at 0x04A53F50>} openconfig_acl.acl_top.acl.interfaces.interface.interface_ref.config
{'openconfig_yang_types': <rf.yangobj.YangCSDLConversionObj object at 0x04A4E6F0>, 'openconfig_interfaces': <rf.yangobj.YangCSDLConversionObj object at 0x04A53F50>} openconfig_acl.acl_top.acl.interfaces.interface.interface_ref.state
{'openconfig_yang_types': <rf.yangobj.YangCSDLConversionObj object at 0x04A4E6F0>, 'openconfig_interfaces': <rf.yangobj.YangCSDLConversionObj object at 0x04A53F50>} openconfig_acl.acl_top.acl.interfaces.interface.ingress_acl_sets.ingress_acl_set.acl_entries.acl_entry.state
{'openconfig_yang_types': <rf.yangobj.YangCSDLConversionObj object at 0x04A4E6F0>, 'openconfig_interfaces': <rf.yangobj.YangCSDLConversionObj object at 0x04A53F50>} openconfig_acl.acl_top.acl.interfaces.interface.ingress_acl_sets.ingress_acl_set.acl_entries.acl_entry
{'openconfig_yang_types': <rf.yangobj.YangCSDLConversionObj object at 0x04A4E6F0>, 'openconfig_interfaces': <rf.yangobj.YangCSDLConversionObj object at 0x04A53F50>} openconfig_acl.acl_top.acl.interfaces.interface.ingress_acl_sets.ingress_acl_set.config
{'openconfig_yang_types': <rf.yangobj.YangCSDLConversionObj object at 0x04A4E6F0>, 'openconfig_interfaces': <rf.yangobj.YangCSDLConversionObj object at 0x04A53F50>} openconfig_acl.acl_top.acl.interfaces.interface.ingress_acl_sets.ingress_acl_set.state
{'openconfig_yang_types': <rf.yangobj.YangCSDLConversionObj object at 0x04A4E6F0>, 'openconfig_interfaces': <rf.yangobj.YangCSDLConversionObj object at 0x04A53F50>} openconfig_acl.acl_top.acl.interfaces.interface.ingress_acl_sets.ingress_acl_set.acl_entries
{'openconfig_yang_types': <rf.yangobj.YangCSDLConversionObj object at 0x04A4E6F0>, 'openconfig_interfaces': <rf.yangobj.YangCSDLConversionObj object at 0x04A53F50>} openconfig_acl.acl_top.acl.interfaces.interface.ingress_acl_sets.ingress_acl_set
{'openconfig_yang_types': <rf.yangobj.YangCSDLConversionObj object at 0x04A4E6F0>, 'openconfig_interfaces': <rf.yangobj.YangCSDLConversionObj object at 0x04A53F50>} openconfig_acl.acl_top.acl.interfaces.interface.egress_acl_sets.egress_acl_set.acl_entries.acl_entry.state
{'openconfig_yang_types': <rf.yangobj.YangCSDLConversionObj object at 0x04A4E6F0>, 'openconfig_interfaces': <rf.yangobj.YangCSDLConversionObj object at 0x04A53F50>} openconfig_acl.acl_top.acl.interfaces.interface.egress_acl_sets.egress_acl_set.acl_entries.acl_entry
{'openconfig_yang_types': <rf.yangobj.YangCSDLConversionObj object at 0x04A4E6F0>, 'openconfig_interfaces': <rf.yangobj.YangCSDLConversionObj object at 0x04A53F50>} openconfig_acl.acl_top.acl.interfaces.interface.egress_acl_sets.egress_acl_set.config
{'openconfig_yang_types': <rf.yangobj.YangCSDLConversionObj object at 0x04A4E6F0>, 'openconfig_interfaces': <rf.yangobj.YangCSDLConversionObj object at 0x04A53F50>} openconfig_acl.acl_top.acl.interfaces.interface.egress_acl_sets.egress_acl_set.state
{'openconfig_yang_types': <rf.yangobj.YangCSDLConversionObj object at 0x04A4E6F0>, 'openconfig_interfaces': <rf.yangobj.YangCSDLConversionObj object at 0x04A53F50>} openconfig_acl.acl_top.acl.interfaces.interface.egress_acl_sets.egress_acl_set.acl_entries
{'openconfig_yang_types': <rf.yangobj.YangCSDLConversionObj object at 0x04A4E6F0>, 'openconfig_interfaces': <rf.yangobj.YangCSDLConversionObj object at 0x04A53F50>} openconfig_acl.acl_top.acl.interfaces.interface.egress_acl_sets.egress_acl_set
{'openconfig_yang_types': <rf.yangobj.YangCSDLConversionObj object at 0x04A4E6F0>, 'openconfig_interfaces': <rf.yangobj.YangCSDLConversionObj object at 0x04A53F50>} openconfig_acl.acl_top.acl.interfaces.interface.config
{'openconfig_yang_types': <rf.yangobj.YangCSDLConversionObj object at 0x04A4E6F0>, 'openconfig_interfaces': <rf.yangobj.YangCSDLConversionObj object at 0x04A53F50>} openconfig_acl.acl_top.acl.interfaces.interface.state
{'openconfig_yang_types': <rf.yangobj.YangCSDLConversionObj object at 0x04A4E6F0>, 'openconfig_interfaces': <rf.yangobj.YangCSDLConversionObj object at 0x04A53F50>} openconfig_acl.acl_top.acl.interfaces.interface.interface_ref
{'openconfig_yang_types': <rf.yangobj.YangCSDLConversionObj object at 0x04A4E6F0>, 'openconfig_interfaces': <rf.yangobj.YangCSDLConversionObj object at 0x04A53F50>} openconfig_acl.acl_top.acl.interfaces.interface.ingress_acl_sets
{'openconfig_yang_types': <rf.yangobj.YangCSDLConversionObj object at 0x04A4E6F0>, 'openconfig_interfaces': <rf.yangobj.YangCSDLConversionObj object at 0x04A53F50>} openconfig_acl.acl_top.acl.interfaces.interface.egress_acl_sets
{'openconfig_yang_types': <rf.yangobj.YangCSDLConversionObj object at 0x04A4E6F0>, 'openconfig_interfaces': <rf.yangobj.YangCSDLConversionObj object at 0x04A53F50>} openconfig_acl.acl_top.acl.interfaces.interface
{'openconfig_yang_types': <rf.yangobj.YangCSDLConversionObj object at 0x04A4E6F0>, 'openconfig_interfaces': <rf.yangobj.YangCSDLConversionObj object at 0x04A53F50>} openconfig_acl.acl_top.acl.config
{'openconfig_yang_types': <rf.yangobj.YangCSDLConversionObj object at 0x04A4E6F0>, 'openconfig_interfaces': <rf.yangobj.YangCSDLConversionObj object at 0x04A53F50>} openconfig_acl.acl_top.acl.state
{'openconfig_yang_types': <rf.yangobj.YangCSDLConversionObj object at 0x04A4E6F0>, 'openconfig_interfaces': <rf.yangobj.YangCSDLConversionObj object at 0x04A53F50>} openconfig_acl.acl_top.acl.acl_sets
{'openconfig_yang_types': <rf.yangobj.YangCSDLConversionObj object at 0x04A4E6F0>, 'openconfig_interfaces': <rf.yangobj.YangCSDLConversionObj object at 0x04A53F50>} openconfig_acl.acl_top.acl.interfaces
{'openconfig_yang_types': <rf.yangobj.YangCSDLConversionObj object at 0x04A4E6F0>, 'openconfig_interfaces': <rf.yangobj.YangCSDLConversionObj object at 0x04A53F50>} openconfig_acl.acl_top.acl
{'openconfig_yang_types': <rf.yangobj.YangCSDLConversionObj object at 0x04A4E6F0>, 'openconfig_interfaces': <rf.yangobj.YangCSDLConversionObj object at 0x04A53F50>} openconfig_acl.acl.acl_sets.acl_set.acl_entries.acl_entry.l2.config
{'openconfig_yang_types': <rf.yangobj.YangCSDLConversionObj object at 0x04A4E6F0>, 'openconfig_interfaces': <rf.yangobj.YangCSDLConversionObj object at 0x04A53F50>} openconfig_acl.acl.acl_sets.acl_set.acl_entries.acl_entry.l2.state
{'openconfig_yang_types': <rf.yangobj.YangCSDLConversionObj object at 0x04A4E6F0>, 'openconfig_interfaces': <rf.yangobj.YangCSDLConversionObj object at 0x04A53F50>} openconfig_acl.acl.acl_sets.acl_set.acl_entries.acl_entry.ipv4.config
{'openconfig_yang_types': <rf.yangobj.YangCSDLConversionObj object at 0x04A4E6F0>, 'openconfig_interfaces': <rf.yangobj.YangCSDLConversionObj object at 0x04A53F50>} openconfig_acl.acl.acl_sets.acl_set.acl_entries.acl_entry.ipv4.state
{'openconfig_yang_types': <rf.yangobj.YangCSDLConversionObj object at 0x04A4E6F0>, 'openconfig_interfaces': <rf.yangobj.YangCSDLConversionObj object at 0x04A53F50>} openconfig_acl.acl.acl_sets.acl_set.acl_entries.acl_entry.ipv6.config
{'openconfig_yang_types': <rf.yangobj.YangCSDLConversionObj object at 0x04A4E6F0>, 'openconfig_interfaces': <rf.yangobj.YangCSDLConversionObj object at 0x04A53F50>} openconfig_acl.acl.acl_sets.acl_set.acl_entries.acl_entry.ipv6.state
{'openconfig_yang_types': <rf.yangobj.YangCSDLConversionObj object at 0x04A4E6F0>, 'openconfig_interfaces': <rf.yangobj.YangCSDLConversionObj object at 0x04A53F50>} openconfig_acl.acl.acl_sets.acl_set.acl_entries.acl_entry.transport.config
{'openconfig_yang_types': <rf.yangobj.YangCSDLConversionObj object at 0x04A4E6F0>, 'openconfig_interfaces': <rf.yangobj.YangCSDLConversionObj object at 0x04A53F50>} openconfig_acl.acl.acl_sets.acl_set.acl_entries.acl_entry.transport.state
{'openconfig_yang_types': <rf.yangobj.YangCSDLConversionObj object at 0x04A4E6F0>, 'openconfig_interfaces': <rf.yangobj.YangCSDLConversionObj object at 0x04A53F50>} openconfig_acl.acl.acl_sets.acl_set.acl_entries.acl_entry.input_interface.interface_ref.config
{'openconfig_yang_types': <rf.yangobj.YangCSDLConversionObj object at 0x04A4E6F0>, 'openconfig_interfaces': <rf.yangobj.YangCSDLConversionObj object at 0x04A53F50>} openconfig_acl.acl.acl_sets.acl_set.acl_entries.acl_entry.input_interface.interface_ref.state
{'openconfig_yang_types': <rf.yangobj.YangCSDLConversionObj object at 0x04A4E6F0>, 'openconfig_interfaces': <rf.yangobj.YangCSDLConversionObj object at 0x04A53F50>} openconfig_acl.acl.acl_sets.acl_set.acl_entries.acl_entry.input_interface.config
{'openconfig_yang_types': <rf.yangobj.YangCSDLConversionObj object at 0x04A4E6F0>, 'openconfig_interfaces': <rf.yangobj.YangCSDLConversionObj object at 0x04A53F50>} openconfig_acl.acl.acl_sets.acl_set.acl_entries.acl_entry.input_interface.state
{'openconfig_yang_types': <rf.yangobj.YangCSDLConversionObj object at 0x04A4E6F0>, 'openconfig_interfaces': <rf.yangobj.YangCSDLConversionObj object at 0x04A53F50>} openconfig_acl.acl.acl_sets.acl_set.acl_entries.acl_entry.input_interface.interface_ref
{'openconfig_yang_types': <rf.yangobj.YangCSDLConversionObj object at 0x04A4E6F0>, 'openconfig_interfaces': <rf.yangobj.YangCSDLConversionObj object at 0x04A53F50>} openconfig_acl.acl.acl_sets.acl_set.acl_entries.acl_entry.actions.config
{'openconfig_yang_types': <rf.yangobj.YangCSDLConversionObj object at 0x04A4E6F0>, 'openconfig_interfaces': <rf.yangobj.YangCSDLConversionObj object at 0x04A53F50>} openconfig_acl.acl.acl_sets.acl_set.acl_entries.acl_entry.actions.state
{'openconfig_yang_types': <rf.yangobj.YangCSDLConversionObj object at 0x04A4E6F0>, 'openconfig_interfaces': <rf.yangobj.YangCSDLConversionObj object at 0x04A53F50>} openconfig_acl.acl.acl_sets.acl_set.acl_entries.acl_entry.config
{'openconfig_yang_types': <rf.yangobj.YangCSDLConversionObj object at 0x04A4E6F0>, 'openconfig_interfaces': <rf.yangobj.YangCSDLConversionObj object at 0x04A53F50>} openconfig_acl.acl.acl_sets.acl_set.acl_entries.acl_entry.state
{'openconfig_yang_types': <rf.yangobj.YangCSDLConversionObj object at 0x04A4E6F0>, 'openconfig_interfaces': <rf.yangobj.YangCSDLConversionObj object at 0x04A53F50>} openconfig_acl.acl.acl_sets.acl_set.acl_entries.acl_entry.l2
{'openconfig_yang_types': <rf.yangobj.YangCSDLConversionObj object at 0x04A4E6F0>, 'openconfig_interfaces': <rf.yangobj.YangCSDLConversionObj object at 0x04A53F50>} openconfig_acl.acl.acl_sets.acl_set.acl_entries.acl_entry.ipv4
{'openconfig_yang_types': <rf.yangobj.YangCSDLConversionObj object at 0x04A4E6F0>, 'openconfig_interfaces': <rf.yangobj.YangCSDLConversionObj object at 0x04A53F50>} openconfig_acl.acl.acl_sets.acl_set.acl_entries.acl_entry.ipv6
{'openconfig_yang_types': <rf.yangobj.YangCSDLConversionObj object at 0x04A4E6F0>, 'openconfig_interfaces': <rf.yangobj.YangCSDLConversionObj object at 0x04A53F50>} openconfig_acl.acl.acl_sets.acl_set.acl_entries.acl_entry.transport
{'openconfig_yang_types': <rf.yangobj.YangCSDLConversionObj object at 0x04A4E6F0>, 'openconfig_interfaces': <rf.yangobj.YangCSDLConversionObj object at 0x04A53F50>} openconfig_acl.acl.acl_sets.acl_set.acl_entries.acl_entry.input_interface
{'openconfig_yang_types': <rf.yangobj.YangCSDLConversionObj object at 0x04A4E6F0>, 'openconfig_interfaces': <rf.yangobj.YangCSDLConversionObj object at 0x04A53F50>} openconfig_acl.acl.acl_sets.acl_set.acl_entries.acl_entry.actions
{'openconfig_yang_types': <rf.yangobj.YangCSDLConversionObj object at 0x04A4E6F0>, 'openconfig_interfaces': <rf.yangobj.YangCSDLConversionObj object at 0x04A53F50>} openconfig_acl.acl.acl_sets.acl_set.acl_entries.acl_entry
{'openconfig_yang_types': <rf.yangobj.YangCSDLConversionObj object at 0x04A4E6F0>, 'openconfig_interfaces': <rf.yangobj.YangCSDLConversionObj object at 0x04A53F50>} openconfig_acl.acl.acl_sets.acl_set.config
{'openconfig_yang_types': <rf.yangobj.YangCSDLConversionObj object at 0x04A4E6F0>, 'openconfig_interfaces': <rf.yangobj.YangCSDLConversionObj object at 0x04A53F50>} openconfig_acl.acl.acl_sets.acl_set.state
{'openconfig_yang_types': <rf.yangobj.YangCSDLConversionObj object at 0x04A4E6F0>, 'openconfig_interfaces': <rf.yangobj.YangCSDLConversionObj object at 0x04A53F50>} openconfig_acl.acl.acl_sets.acl_set.acl_entries
{'openconfig_yang_types': <rf.yangobj.YangCSDLConversionObj object at 0x04A4E6F0>, 'openconfig_interfaces': <rf.yangobj.YangCSDLConversionObj object at 0x04A53F50>} openconfig_acl.acl.acl_sets.acl_set
{'openconfig_yang_types': <rf.yangobj.YangCSDLConversionObj object at 0x04A4E6F0>, 'openconfig_interfaces': <rf.yangobj.YangCSDLConversionObj object at 0x04A53F50>} openconfig_acl.acl.interfaces.interface.interface_ref.config
{'openconfig_yang_types': <rf.yangobj.YangCSDLConversionObj object at 0x04A4E6F0>, 'openconfig_interfaces': <rf.yangobj.YangCSDLConversionObj object at 0x04A53F50>} openconfig_acl.acl.interfaces.interface.interface_ref.state
{'openconfig_yang_types': <rf.yangobj.YangCSDLConversionObj object at 0x04A4E6F0>, 'openconfig_interfaces': <rf.yangobj.YangCSDLConversionObj object at 0x04A53F50>} openconfig_acl.acl.interfaces.interface.ingress_acl_sets.ingress_acl_set.acl_entries.acl_entry.state
{'openconfig_yang_types': <rf.yangobj.YangCSDLConversionObj object at 0x04A4E6F0>, 'openconfig_interfaces': <rf.yangobj.YangCSDLConversionObj object at 0x04A53F50>} openconfig_acl.acl.interfaces.interface.ingress_acl_sets.ingress_acl_set.acl_entries.acl_entry
{'openconfig_yang_types': <rf.yangobj.YangCSDLConversionObj object at 0x04A4E6F0>, 'openconfig_interfaces': <rf.yangobj.YangCSDLConversionObj object at 0x04A53F50>} openconfig_acl.acl.interfaces.interface.ingress_acl_sets.ingress_acl_set.config
{'openconfig_yang_types': <rf.yangobj.YangCSDLConversionObj object at 0x04A4E6F0>, 'openconfig_interfaces': <rf.yangobj.YangCSDLConversionObj object at 0x04A53F50>} openconfig_acl.acl.interfaces.interface.ingress_acl_sets.ingress_acl_set.state
{'openconfig_yang_types': <rf.yangobj.YangCSDLConversionObj object at 0x04A4E6F0>, 'openconfig_interfaces': <rf.yangobj.YangCSDLConversionObj object at 0x04A53F50>} openconfig_acl.acl.interfaces.interface.ingress_acl_sets.ingress_acl_set.acl_entries
{'openconfig_yang_types': <rf.yangobj.YangCSDLConversionObj object at 0x04A4E6F0>, 'openconfig_interfaces': <rf.yangobj.YangCSDLConversionObj object at 0x04A53F50>} openconfig_acl.acl.interfaces.interface.ingress_acl_sets.ingress_acl_set
{'openconfig_yang_types': <rf.yangobj.YangCSDLConversionObj object at 0x04A4E6F0>, 'openconfig_interfaces': <rf.yangobj.YangCSDLConversionObj object at 0x04A53F50>} openconfig_acl.acl.interfaces.interface.egress_acl_sets.egress_acl_set.acl_entries.acl_entry.state
{'openconfig_yang_types': <rf.yangobj.YangCSDLConversionObj object at 0x04A4E6F0>, 'openconfig_interfaces': <rf.yangobj.YangCSDLConversionObj object at 0x04A53F50>} openconfig_acl.acl.interfaces.interface.egress_acl_sets.egress_acl_set.acl_entries.acl_entry
{'openconfig_yang_types': <rf.yangobj.YangCSDLConversionObj object at 0x04A4E6F0>, 'openconfig_interfaces': <rf.yangobj.YangCSDLConversionObj object at 0x04A53F50>} openconfig_acl.acl.interfaces.interface.egress_acl_sets.egress_acl_set.config
{'openconfig_yang_types': <rf.yangobj.YangCSDLConversionObj object at 0x04A4E6F0>, 'openconfig_interfaces': <rf.yangobj.YangCSDLConversionObj object at 0x04A53F50>} openconfig_acl.acl.interfaces.interface.egress_acl_sets.egress_acl_set.state
{'openconfig_yang_types': <rf.yangobj.YangCSDLConversionObj object at 0x04A4E6F0>, 'openconfig_interfaces': <rf.yangobj.YangCSDLConversionObj object at 0x04A53F50>} openconfig_acl.acl.interfaces.interface.egress_acl_sets.egress_acl_set.acl_entries
{'openconfig_yang_types': <rf.yangobj.YangCSDLConversionObj object at 0x04A4E6F0>, 'openconfig_interfaces': <rf.yangobj.YangCSDLConversionObj object at 0x04A53F50>} openconfig_acl.acl.interfaces.interface.egress_acl_sets.egress_acl_set
{'openconfig_yang_types': <rf.yangobj.YangCSDLConversionObj object at 0x04A4E6F0>, 'openconfig_interfaces': <rf.yangobj.YangCSDLConversionObj object at 0x04A53F50>} openconfig_acl.acl.interfaces.interface.config
{'openconfig_yang_types': <rf.yangobj.YangCSDLConversionObj object at 0x04A4E6F0>, 'openconfig_interfaces': <rf.yangobj.YangCSDLConversionObj object at 0x04A53F50>} openconfig_acl.acl.interfaces.interface.state
{'openconfig_yang_types': <rf.yangobj.YangCSDLConversionObj object at 0x04A4E6F0>, 'openconfig_interfaces': <rf.yangobj.YangCSDLConversionObj object at 0x04A53F50>} openconfig_acl.acl.interfaces.interface.interface_ref
{'openconfig_yang_types': <rf.yangobj.YangCSDLConversionObj object at 0x04A4E6F0>, 'openconfig_interfaces': <rf.yangobj.YangCSDLConversionObj object at 0x04A53F50>} openconfig_acl.acl.interfaces.interface.ingress_acl_sets
{'openconfig_yang_types': <rf.yangobj.YangCSDLConversionObj object at 0x04A4E6F0>, 'openconfig_interfaces': <rf.yangobj.YangCSDLConversionObj object at 0x04A53F50>} openconfig_acl.acl.interfaces.interface.egress_acl_sets
{'openconfig_yang_types': <rf.yangobj.YangCSDLConversionObj object at 0x04A4E6F0>, 'openconfig_interfaces': <rf.yangobj.YangCSDLConversionObj object at 0x04A53F50>} openconfig_acl.acl.interfaces.interface
{'openconfig_yang_types': <rf.yangobj.YangCSDLConversionObj object at 0x04A4E6F0>, 'openconfig_interfaces': <rf.yangobj.YangCSDLConversionObj object at 0x04A53F50>} openconfig_acl.acl.config
{'openconfig_yang_types': <rf.yangobj.YangCSDLConversionObj object at 0x04A4E6F0>, 'openconfig_interfaces': <rf.yangobj.YangCSDLConversionObj object at 0x04A53F50>} openconfig_acl.acl.state
{'openconfig_yang_types': <rf.yangobj.YangCSDLConversionObj object at 0x04A4E6F0>, 'openconfig_interfaces': <rf.yangobj.YangCSDLConversionObj object at 0x04A53F50>} openconfig_acl.acl.acl_sets
{'openconfig_yang_types': <rf.yangobj.YangCSDLConversionObj object at 0x04A4E6F0>, 'openconfig_interfaces': <rf.yangobj.YangCSDLConversionObj object at 0x04A53F50>} openconfig_acl.acl.interfaces
{'openconfig_yang_types': <rf.yangobj.YangCSDLConversionObj object at 0x04A4E6F0>, 'openconfig_interfaces': <rf.yangobj.YangCSDLConversionObj object at 0x04A53F50>} openconfig_acl.input_interface_config
{'openconfig_yang_types': <rf.yangobj.YangCSDLConversionObj object at 0x04A4E6F0>, 'openconfig_interfaces': <rf.yangobj.YangCSDLConversionObj object at 0x04A53F50>} openconfig_acl.input_interface_state
{'openconfig_yang_types': <rf.yangobj.YangCSDLConversionObj object at 0x04A4E6F0>, 'openconfig_interfaces': <rf.yangobj.YangCSDLConversionObj object at 0x04A53F50>} openconfig_acl.input_interface_top
{'openconfig_yang_types': <rf.yangobj.YangCSDLConversionObj object at 0x04A4E6F0>, 'openconfig_interfaces': <rf.yangobj.YangCSDLConversionObj object at 0x04A53F50>} openconfig_acl.action_config
{'openconfig_yang_types': <rf.yangobj.YangCSDLConversionObj object at 0x04A4E6F0>, 'openconfig_interfaces': <rf.yangobj.YangCSDLConversionObj object at 0x04A53F50>} openconfig_acl.action_state
{'openconfig_yang_types': <rf.yangobj.YangCSDLConversionObj object at 0x04A4E6F0>, 'openconfig_interfaces': <rf.yangobj.YangCSDLConversionObj object at 0x04A53F50>} openconfig_acl.action_top
{'openconfig_yang_types': <rf.yangobj.YangCSDLConversionObj object at 0x04A4E6F0>, 'openconfig_interfaces': <rf.yangobj.YangCSDLConversionObj object at 0x04A53F50>} openconfig_acl.acl_counters_state
{'openconfig_yang_types': <rf.yangobj.YangCSDLConversionObj object at 0x04A4E6F0>, 'openconfig_interfaces': <rf.yangobj.YangCSDLConversionObj object at 0x04A53F50>} openconfig_acl.access_list_entries_config
{'openconfig_yang_types': <rf.yangobj.YangCSDLConversionObj object at 0x04A4E6F0>, 'openconfig_interfaces': <rf.yangobj.YangCSDLConversionObj object at 0x04A53F50>} openconfig_acl.access_list_entries_state
{'openconfig_yang_types': <rf.yangobj.YangCSDLConversionObj object at 0x04A4E6F0>, 'openconfig_interfaces': <rf.yangobj.YangCSDLConversionObj object at 0x04A53F50>} openconfig_acl.access_list_entries_top
{'openconfig_yang_types': <rf.yangobj.YangCSDLConversionObj object at 0x04A4E6F0>, 'openconfig_interfaces': <rf.yangobj.YangCSDLConversionObj object at 0x04A53F50>} openconfig_acl.acl_set_config
{'openconfig_yang_types': <rf.yangobj.YangCSDLConversionObj object at 0x04A4E6F0>, 'openconfig_interfaces': <rf.yangobj.YangCSDLConversionObj object at 0x04A53F50>} openconfig_acl.acl_set_state
{'openconfig_yang_types': <rf.yangobj.YangCSDLConversionObj object at 0x04A4E6F0>, 'openconfig_interfaces': <rf.yangobj.YangCSDLConversionObj object at 0x04A53F50>} openconfig_acl.acl_set_top
{'openconfig_yang_types': <rf.yangobj.YangCSDLConversionObj object at 0x04A4E6F0>, 'openconfig_interfaces': <rf.yangobj.YangCSDLConversionObj object at 0x04A53F50>} openconfig_acl.interface_acl_entries_config
{'openconfig_yang_types': <rf.yangobj.YangCSDLConversionObj object at 0x04A4E6F0>, 'openconfig_interfaces': <rf.yangobj.YangCSDLConversionObj object at 0x04A53F50>} openconfig_acl.interface_acl_entries_state
{'openconfig_yang_types': <rf.yangobj.YangCSDLConversionObj object at 0x04A4E6F0>, 'openconfig_interfaces': <rf.yangobj.YangCSDLConversionObj object at 0x04A53F50>} openconfig_acl.interface_acl_entries_top
{'openconfig_yang_types': <rf.yangobj.YangCSDLConversionObj object at 0x04A4E6F0>, 'openconfig_interfaces': <rf.yangobj.YangCSDLConversionObj object at 0x04A53F50>} openconfig_acl.interface_ingress_acl_config
{'openconfig_yang_types': <rf.yangobj.YangCSDLConversionObj object at 0x04A4E6F0>, 'openconfig_interfaces': <rf.yangobj.YangCSDLConversionObj object at 0x04A53F50>} openconfig_acl.interface_ingress_acl_state
{'openconfig_yang_types': <rf.yangobj.YangCSDLConversionObj object at 0x04A4E6F0>, 'openconfig_interfaces': <rf.yangobj.YangCSDLConversionObj object at 0x04A53F50>} openconfig_acl.interface_ingress_acl_top
{'openconfig_yang_types': <rf.yangobj.YangCSDLConversionObj object at 0x04A4E6F0>, 'openconfig_interfaces': <rf.yangobj.YangCSDLConversionObj object at 0x04A53F50>} openconfig_acl.interface_egress_acl_config
{'openconfig_yang_types': <rf.yangobj.YangCSDLConversionObj object at 0x04A4E6F0>, 'openconfig_interfaces': <rf.yangobj.YangCSDLConversionObj object at 0x04A53F50>} openconfig_acl.interface_egress_acl_state
{'openconfig_yang_types': <rf.yangobj.YangCSDLConversionObj object at 0x04A4E6F0>, 'openconfig_interfaces': <rf.yangobj.YangCSDLConversionObj object at 0x04A53F50>} openconfig_acl.interface_egress_acl_top
{'openconfig_yang_types': <rf.yangobj.YangCSDLConversionObj object at 0x04A4E6F0>, 'openconfig_interfaces': <rf.yangobj.YangCSDLConversionObj object at 0x04A53F50>} openconfig_acl.acl_interfaces_config
{'openconfig_yang_types': <rf.yangobj.YangCSDLConversionObj object at 0x04A4E6F0>, 'openconfig_interfaces': <rf.yangobj.YangCSDLConversionObj object at 0x04A53F50>} openconfig_acl.acl_interfaces_state
{'openconfig_yang_types': <rf.yangobj.YangCSDLConversionObj object at 0x04A4E6F0>, 'openconfig_interfaces': <rf.yangobj.YangCSDLConversionObj object at 0x04A53F50>} openconfig_acl.acl_interfaces_top
{'openconfig_yang_types': <rf.yangobj.YangCSDLConversionObj object at 0x04A4E6F0>, 'openconfig_interfaces': <rf.yangobj.YangCSDLConversionObj object at 0x04A53F50>} openconfig_acl.acl_config
{'openconfig_yang_types': <rf.yangobj.YangCSDLConversionObj object at 0x04A4E6F0>, 'openconfig_interfaces': <rf.yangobj.YangCSDLConversionObj object at 0x04A53F50>} openconfig_acl.acl_state
{'openconfig_yang_types': <rf.yangobj.YangCSDLConversionObj object at 0x04A4E6F0>, 'openconfig_interfaces': <rf.yangobj.YangCSDLConversionObj object at 0x04A53F50>} openconfig_acl.acl_top
{'openconfig_yang_types': <rf.yangobj.YangCSDLConversionObj object at 0x04A4E6F0>, 'openconfig_interfaces': <rf.yangobj.YangCSDLConversionObj object at 0x04A53F50>} openconfig_acl.acl
Success writing file to disk: output_dir/ietf_yang_types_v1.xml
Success writing file to disk: output_dir/openconfig_extensions_v1.xml
Success writing file to disk: output_dir/ietf_interfaces_v1.xml
Success writing file to disk: output_dir/openconfig_types_v1.xml
Success writing file to disk: output_dir/openconfig_inet_types_v1.xml
Success writing file to disk: output_dir/openconfig_yang_types_v1.xml
Success writing file to disk: output_dir/openconfig_interfaces_v1.xml
Success writing file to disk: output_dir/openconfig_packet_match_types_v1.xml
Success writing file to disk: output_dir/openconfig_packet_match_v1.xml
Success writing file to disk: output_dir/openconfig_acl_v1.xml
