new obj
YangTAG--- module openconfig-lldp
doc not found in previous?
doc not found in previous?
doc not found in previous?
doc not found in previous?
We don't recognize keyword ('openconfig-extensions', 'openconfig-version'), create as statement
Skipped children 2 in tag revision 2018-07-17
Skipped children 2 in tag revision 2016-05-16
Skipped children 8 in tag grouping lldp-common-counters
Skipped children 11 in tag grouping lldp-global-counters
Skipped children 10 in tag grouping lldp-interface-counters
Skipped children 5 in tag grouping lldp-system-info-config
Skipped children 1 in tag grouping lldp-system-info-state
Skipped children 1 in tag grouping lldp-neighbor-config
Skipped children 10 in tag grouping lldp-neighbor-state
Skipped children 1 in tag grouping lldp-capabilities-config
Skipped children 3 in tag grouping lldp-capabilities-state
Skipped children 2 in tag grouping lldp-capabilities-top
Skipped children 1 in tag grouping lldp-custom-tlv-config
Skipped children 5 in tag grouping lldp-custom-tlv-state
Skipped children 2 in tag grouping lldp-custom-tlv-top
Skipped children 2 in tag grouping lldp-neighbor-top
Skipped children 3 in tag grouping lldp-interface-config
Skipped children 2 in tag grouping lldp-interface-state
Skipped children 2 in tag grouping lldp-interface-top
Skipped children 4 in tag grouping lldp-config
Skipped children 2 in tag grouping lldp-state
Skipped children 2 in tag grouping lldp-top
new obj
YangTAG--- container lldp
new obj
YangTAG--- container config
type location not found
new obj
YangTAG--- container state
type location not found
new obj
YangTAG--- container counters
type location not found
type location not found
type location not found
type location not found
type location not found
type location not found
type location not found
type location not found
type location not found
new obj
YangTAG--- container interfaces
new obj
YangTAG--- list interface
new obj
YangTAG--- container config
type location not found
new obj
YangTAG--- container state
type location not found
new obj
YangTAG--- container counters
type location not found
type location not found
type location not found
type location not found
type location not found
type location not found
type location not found
type location not found
new obj
YangTAG--- container neighbors
new obj
YangTAG--- list neighbor
new obj
YangTAG--- container config
new obj
YangTAG--- container state
type location not found
type location not found
new obj
YangTAG--- container custom-tlvs
new obj
YangTAG--- list tlv
new obj
YangTAG--- container config
new obj
YangTAG--- container state
new obj
YangTAG--- container capabilities
new obj
YangTAG--- list capability
new obj
YangTAG--- container config
new obj
YangTAG--- container state
{} openconfig_lldp.lldp.state.counters
{} openconfig_lldp.lldp.interfaces.interface.state.counters
{} openconfig_lldp.lldp.interfaces.interface.neighbors.neighbor.custom_tlvs.tlv.config
{} openconfig_lldp.lldp.interfaces.interface.neighbors.neighbor.custom_tlvs.tlv.state
{} openconfig_lldp.lldp.interfaces.interface.neighbors.neighbor.custom_tlvs.tlv
{} openconfig_lldp.lldp.interfaces.interface.neighbors.neighbor.capabilities.capability.config
{} openconfig_lldp.lldp.interfaces.interface.neighbors.neighbor.capabilities.capability.state
{} openconfig_lldp.lldp.interfaces.interface.neighbors.neighbor.capabilities.capability
{} openconfig_lldp.lldp.interfaces.interface.neighbors.neighbor.config
{} openconfig_lldp.lldp.interfaces.interface.neighbors.neighbor.state
{} openconfig_lldp.lldp.interfaces.interface.neighbors.neighbor.custom_tlvs
{} openconfig_lldp.lldp.interfaces.interface.neighbors.neighbor.capabilities
{} openconfig_lldp.lldp.interfaces.interface.neighbors.neighbor
{} openconfig_lldp.lldp.interfaces.interface.config
{} openconfig_lldp.lldp.interfaces.interface.state
{} openconfig_lldp.lldp.interfaces.interface.neighbors
{} openconfig_lldp.lldp.interfaces.interface
{} openconfig_lldp.lldp.config
{} openconfig_lldp.lldp.state
{} openconfig_lldp.lldp.interfaces
{} openconfig_lldp.lldp
Success writing file to disk: output_dir/openconfig_lldp_v1.xml
There were unsatisfied modules: 
openconfig-lldp required: ['openconfig-extensions', 'openconfig-lldp-types', 'ietf-yang-types', 'openconfig-interfaces']
