new obj
YangTAG--- module openconfig-local-routing
doc not found in previous?
doc not found in previous?
doc not found in previous?
doc not found in previous?
We don't recognize keyword ('openconfig-extensions', 'openconfig-version'), create as statement
Skipped children 2 in tag revision 2017-05-15
Skipped children 2 in tag revision 2016-05-11
Skipped children 1 in tag identity LOCAL_DEFINED_NEXT_HOP
Skipped children 2 in tag identity DROP
Skipped children 2 in tag identity LOCAL_LINK
Skipped children 2 in tag grouping local-generic-settings
Skipped children 4 in tag grouping local-static-config
Skipped children 1 in tag grouping local-static-state
Skipped children 5 in tag grouping local-static-nexthop-config
Skipped children 1 in tag grouping local-static-nexthop-state
Skipped children 2 in tag grouping local-static-top
Skipped children 5 in tag grouping local-aggregate-config
Skipped children 1 in tag grouping local-aggregate-state
Skipped children 2 in tag grouping local-aggregate-top
Skipped children 1 in tag grouping local-routes-config
Skipped children 1 in tag grouping local-routes-state
Skipped children 2 in tag grouping local-routes-top
new obj
YangTAG--- container local-routes
new obj
YangTAG--- container config
new obj
YangTAG--- container state
new obj
YangTAG--- container static-routes
new obj
YangTAG--- list static
new obj
YangTAG--- container config
type location not found
type location not found
new obj
YangTAG--- container state
type location not found
type location not found
new obj
YangTAG--- container next-hops
new obj
YangTAG--- list next-hop
new obj
YangTAG--- container config
new obj
YangTAG--- container state
new obj
YangTAG--- container interface-ref
new obj
YangTAG--- container config
new obj
YangTAG--- container state
new obj
YangTAG--- container local-aggregates
new obj
YangTAG--- list aggregate
new obj
YangTAG--- container config
type location not found
type location not found
new obj
YangTAG--- container state
type location not found
type location not found
{} openconfig_local_routing.local_routes.static_routes.static.next_hops.next_hop.interface_ref.config
{} openconfig_local_routing.local_routes.static_routes.static.next_hops.next_hop.interface_ref.state
{} openconfig_local_routing.local_routes.static_routes.static.next_hops.next_hop.config
{} openconfig_local_routing.local_routes.static_routes.static.next_hops.next_hop.state
{} openconfig_local_routing.local_routes.static_routes.static.next_hops.next_hop.interface_ref
{} openconfig_local_routing.local_routes.static_routes.static.next_hops.next_hop
{} openconfig_local_routing.local_routes.static_routes.static.config
{} openconfig_local_routing.local_routes.static_routes.static.state
{} openconfig_local_routing.local_routes.static_routes.static.next_hops
{} openconfig_local_routing.local_routes.static_routes.static
{} openconfig_local_routing.local_routes.local_aggregates.aggregate.config
{} openconfig_local_routing.local_routes.local_aggregates.aggregate.state
{} openconfig_local_routing.local_routes.local_aggregates.aggregate
{} openconfig_local_routing.local_routes.config
{} openconfig_local_routing.local_routes.state
{} openconfig_local_routing.local_routes.static_routes
{} openconfig_local_routing.local_routes.local_aggregates
{} openconfig_local_routing.local_routes
Success writing file to disk: output_dir/openconfig_local_routing_v1.xml
There were unsatisfied modules: 
openconfig-local-routing required: ['openconfig-inet-types', 'openconfig-interfaces', 'openconfig-policy-types', 'openconfig-extensions']
